<?xml version="1.0" encoding="UTF-8"?>
<coverage generated="1721244139619" clover="3.2.0">
  <project timestamp="1721244139619" name="All files">
    <metrics statements="504" coveredstatements="462" conditionals="66" coveredconditionals="61" methods="739" coveredmethods="31" elements="1309" coveredelements="554" complexity="0" loc="504" ncloc="504" packages="7" files="13" classes="13"/>
    <package name="api">
      <metrics statements="177" coveredstatements="138" conditionals="27" coveredconditionals="24" methods="724" coveredmethods="16"/>
      <file name="reviews.ts" path="/Users/frank/Developer/franksmovielog.com-astro/src/api/reviews.ts">
        <metrics statements="140" coveredstatements="130" conditionals="16" coveredconditionals="13" methods="5" coveredmethods="5"/>
        <line num="1" count="1" type="stmt"/>
        <line num="3" count="1" type="stmt"/>
        <line num="6" count="1" type="stmt"/>
        <line num="7" count="1" type="stmt"/>
        <line num="8" count="1" type="stmt"/>
        <line num="9" count="1" type="stmt"/>
        <line num="10" count="1" type="stmt"/>
        <line num="11" count="1" type="stmt"/>
        <line num="12" count="1" type="stmt"/>
        <line num="13" count="1" type="stmt"/>
        <line num="14" count="1" type="stmt"/>
        <line num="15" count="1" type="stmt"/>
        <line num="19" count="1" type="stmt"/>
        <line num="20" count="1" type="stmt"/>
        <line num="21" count="1" type="stmt"/>
        <line num="43" count="1" type="stmt"/>
        <line num="45" count="1693" type="cond" truecount="1" falsecount="0"/>
        <line num="46" count="1693" type="stmt"/>
        <line num="47" count="1693" type="stmt"/>
        <line num="49" count="1866" type="cond" truecount="1" falsecount="0"/>
        <line num="50" count="1866" type="stmt"/>
        <line num="51" count="1866" type="stmt"/>
        <line num="52" count="1866" type="stmt"/>
        <line num="53" count="1866" type="cond" truecount="1" falsecount="0"/>
        <line num="54" count="1595" type="stmt"/>
        <line num="55" count="1595" type="cond" truecount="1" falsecount="0"/>
        <line num="57" count="271" type="stmt"/>
        <line num="58" count="271" type="stmt"/>
        <line num="59" count="271" type="stmt"/>
        <line num="60" count="271" type="stmt"/>
        <line num="61" count="271" type="stmt"/>
        <line num="62" count="271" type="stmt"/>
        <line num="63" count="271" type="stmt"/>
        <line num="65" count="271" type="stmt"/>
        <line num="66" count="271" type="stmt"/>
        <line num="68" count="711" type="cond" truecount="1" falsecount="0"/>
        <line num="69" count="711" type="stmt"/>
        <line num="70" count="711" type="stmt"/>
        <line num="71" count="711" type="stmt"/>
        <line num="72" count="711" type="stmt"/>
        <line num="73" count="711" type="stmt"/>
        <line num="74" count="711" type="stmt"/>
        <line num="75" count="711" type="stmt"/>
        <line num="76" count="711" type="stmt"/>
        <line num="77" count="711" type="stmt"/>
        <line num="78" count="711" type="stmt"/>
        <line num="79" count="711" type="stmt"/>
        <line num="80" count="711" type="stmt"/>
        <line num="81" count="711" type="stmt"/>
        <line num="83" count="711" type="stmt"/>
        <line num="85" count="711" type="cond" truecount="1" falsecount="0"/>
        <line num="86" count="514" type="stmt"/>
        <line num="87" count="514" type="stmt"/>
        <line num="88" count="514" type="stmt"/>
        <line num="89" count="514" type="stmt"/>
        <line num="90" count="514" type="stmt"/>
        <line num="91" count="514" type="stmt"/>
        <line num="93" count="711" type="stmt"/>
        <line num="94" count="711" type="stmt"/>
        <line num="96" count="711" type="cond" truecount="1" falsecount="0"/>
        <line num="97" count="711" type="stmt"/>
        <line num="98" count="711" type="stmt"/>
        <line num="99" count="711" type="stmt"/>
        <line num="100" count="711" type="stmt"/>
        <line num="101" count="711" type="stmt"/>
        <line num="102" count="711" type="stmt"/>
        <line num="103" count="711" type="stmt"/>
        <line num="105" count="1" type="cond" truecount="1" falsecount="0"/>
        <line num="106" count="1" type="cond" truecount="0" falsecount="1"/>
        <line num="107" count="0" type="stmt"/>
        <line num="108" count="0" type="stmt"/>
        <line num="110" count="1" type="stmt"/>
        <line num="111" count="1" type="stmt"/>
        <line num="112" count="1" type="stmt"/>
        <line num="113" count="1" type="stmt"/>
        <line num="114" count="1" type="stmt"/>
        <line num="115" count="1" type="stmt"/>
        <line num="117" count="1" type="stmt"/>
        <line num="118" count="1" type="cond" truecount="1" falsecount="0"/>
        <line num="119" count="711" type="cond" truecount="1" falsecount="0"/>
        <line num="120" count="711" type="stmt"/>
        <line num="122" count="711" type="cond" truecount="1" falsecount="0"/>
        <line num="123" count="253116" type="stmt"/>
        <line num="124" count="711" type="stmt"/>
        <line num="126" count="711" type="cond" truecount="0" falsecount="1"/>
        <line num="127" count="0" type="stmt"/>
        <line num="128" count="0" type="stmt"/>
        <line num="129" count="0" type="stmt"/>
        <line num="130" count="0" type="stmt"/>
        <line num="132" count="711" type="stmt"/>
        <line num="133" count="711" type="stmt"/>
        <line num="134" count="711" type="stmt"/>
        <line num="135" count="711" type="stmt"/>
        <line num="136" count="711" type="stmt"/>
        <line num="137" count="711" type="stmt"/>
        <line num="139" count="711" type="stmt"/>
        <line num="140" count="711" type="cond" truecount="1" falsecount="0"/>
        <line num="141" count="1143999" type="stmt"/>
        <line num="142" count="711" type="stmt"/>
        <line num="143" count="711" type="cond" truecount="1" falsecount="0"/>
        <line num="144" count="933" type="stmt"/>
        <line num="145" count="933" type="stmt"/>
        <line num="146" count="933" type="stmt"/>
        <line num="147" count="933" type="stmt"/>
        <line num="148" count="933" type="stmt"/>
        <line num="149" count="933" type="stmt"/>
        <line num="150" count="933" type="stmt"/>
        <line num="151" count="933" type="stmt"/>
        <line num="152" count="933" type="stmt"/>
        <line num="153" count="933" type="stmt"/>
        <line num="154" count="933" type="stmt"/>
        <line num="155" count="933" type="stmt"/>
        <line num="156" count="711" type="stmt"/>
        <line num="158" count="711" type="cond" truecount="0" falsecount="1"/>
        <line num="159" count="0" type="stmt"/>
        <line num="160" count="0" type="stmt"/>
        <line num="161" count="0" type="stmt"/>
        <line num="162" count="0" type="stmt"/>
        <line num="164" count="711" type="stmt"/>
        <line num="165" count="711" type="stmt"/>
        <line num="166" count="711" type="stmt"/>
        <line num="167" count="711" type="stmt"/>
        <line num="168" count="711" type="stmt"/>
        <line num="169" count="711" type="stmt"/>
        <line num="170" count="711" type="stmt"/>
        <line num="171" count="711" type="stmt"/>
        <line num="172" count="711" type="stmt"/>
        <line num="173" count="711" type="stmt"/>
        <line num="174" count="711" type="stmt"/>
        <line num="175" count="711" type="stmt"/>
        <line num="176" count="1" type="stmt"/>
        <line num="177" count="1" type="stmt"/>
        <line num="179" count="1" type="stmt"/>
        <line num="180" count="1" type="stmt"/>
        <line num="181" count="1" type="stmt"/>
        <line num="182" count="1" type="stmt"/>
        <line num="183" count="1" type="stmt"/>
        <line num="184" count="1" type="stmt"/>
        <line num="186" count="1" type="stmt"/>
        <line num="187" count="1" type="stmt"/>
      </file>
      <file name="stills.ts" path="/Users/frank/Developer/franksmovielog.com-astro/src/api/stills.ts">
        <metrics statements="37" coveredstatements="8" conditionals="11" coveredconditionals="11" methods="719" coveredmethods="11"/>
        <line num="1" count="1" type="stmt"/>
        <line num="2" count="1" type="stmt"/>
        <line num="14" count="1" type="cond" truecount="10" falsecount="0"/>
        <line num="16" count="1" type="stmt"/>
        <line num="18" count="1" type="cond" truecount="1" falsecount="0"/>
        <line num="19" count="10" type="stmt"/>
        <line num="20" count="10" type="stmt"/>
        <line num="22" count="1" type="stmt"/>
        <line num="24" count="0" type="stmt"/>
        <line num="25" count="0" type="stmt"/>
        <line num="26" count="0" type="stmt"/>
        <line num="27" count="0" type="stmt"/>
        <line num="28" count="0" type="stmt"/>
        <line num="30" count="0" type="stmt"/>
        <line num="31" count="0" type="stmt"/>
        <line num="32" count="0" type="stmt"/>
        <line num="34" count="0" type="stmt"/>
        <line num="36" count="0" type="stmt"/>
        <line num="37" count="0" type="stmt"/>
        <line num="38" count="0" type="stmt"/>
        <line num="40" count="0" type="stmt"/>
        <line num="41" count="0" type="stmt"/>
        <line num="42" count="0" type="stmt"/>
        <line num="43" count="0" type="stmt"/>
        <line num="44" count="0" type="stmt"/>
        <line num="45" count="0" type="stmt"/>
        <line num="46" count="0" type="stmt"/>
        <line num="47" count="0" type="stmt"/>
        <line num="49" count="0" type="stmt"/>
        <line num="50" count="0" type="stmt"/>
        <line num="51" count="0" type="stmt"/>
        <line num="52" count="0" type="stmt"/>
        <line num="53" count="0" type="stmt"/>
        <line num="54" count="0" type="stmt"/>
        <line num="56" count="0" type="stmt"/>
        <line num="58" count="0" type="stmt"/>
        <line num="59" count="0" type="stmt"/>
      </file>
    </package>
    <package name="api.data">
      <metrics statements="159" coveredstatements="157" conditionals="12" coveredconditionals="11" methods="6" coveredmethods="6"/>
      <file name="reviewedTitlesJson.ts" path="/Users/frank/Developer/franksmovielog.com-astro/src/api/data/reviewedTitlesJson.ts">
        <metrics statements="69" coveredstatements="67" conditionals="4" coveredconditionals="3" methods="2" coveredmethods="2"/>
        <line num="1" count="1" type="stmt"/>
        <line num="2" count="1" type="stmt"/>
        <line num="3" count="1" type="stmt"/>
        <line num="5" count="1" type="stmt"/>
        <line num="7" count="1" type="stmt"/>
        <line num="8" count="1" type="stmt"/>
        <line num="9" count="1" type="stmt"/>
        <line num="10" count="1" type="stmt"/>
        <line num="11" count="1" type="stmt"/>
        <line num="13" count="1" type="stmt"/>
        <line num="14" count="1" type="stmt"/>
        <line num="15" count="1" type="stmt"/>
        <line num="16" count="1" type="stmt"/>
        <line num="18" count="1" type="stmt"/>
        <line num="19" count="1" type="stmt"/>
        <line num="20" count="1" type="stmt"/>
        <line num="21" count="1" type="stmt"/>
        <line num="22" count="1" type="stmt"/>
        <line num="23" count="1" type="stmt"/>
        <line num="24" count="1" type="stmt"/>
        <line num="25" count="1" type="stmt"/>
        <line num="27" count="1" type="stmt"/>
        <line num="28" count="1" type="stmt"/>
        <line num="29" count="1" type="stmt"/>
        <line num="30" count="1" type="stmt"/>
        <line num="31" count="1" type="stmt"/>
        <line num="32" count="1" type="stmt"/>
        <line num="34" count="1" type="stmt"/>
        <line num="35" count="1" type="stmt"/>
        <line num="36" count="1" type="stmt"/>
        <line num="37" count="1" type="stmt"/>
        <line num="38" count="1" type="stmt"/>
        <line num="40" count="1" type="stmt"/>
        <line num="41" count="1" type="stmt"/>
        <line num="42" count="1" type="stmt"/>
        <line num="43" count="1" type="stmt"/>
        <line num="44" count="1" type="stmt"/>
        <line num="45" count="1" type="stmt"/>
        <line num="46" count="1" type="stmt"/>
        <line num="47" count="1" type="stmt"/>
        <line num="48" count="1" type="stmt"/>
        <line num="49" count="1" type="stmt"/>
        <line num="50" count="1" type="stmt"/>
        <line num="51" count="1" type="stmt"/>
        <line num="52" count="1" type="stmt"/>
        <line num="53" count="1" type="stmt"/>
        <line num="54" count="1" type="stmt"/>
        <line num="55" count="1" type="stmt"/>
        <line num="56" count="1" type="stmt"/>
        <line num="57" count="1" type="stmt"/>
        <line num="58" count="1" type="stmt"/>
        <line num="59" count="1" type="stmt"/>
        <line num="60" count="1" type="stmt"/>
        <line num="61" count="1" type="stmt"/>
        <line num="65" count="1" type="stmt"/>
        <line num="67" count="1" type="cond" truecount="1" falsecount="0"/>
        <line num="68" count="1" type="stmt"/>
        <line num="69" count="1" type="stmt"/>
        <line num="71" count="1" type="cond" truecount="1" falsecount="0"/>
        <line num="72" count="711" type="stmt"/>
        <line num="73" count="1" type="stmt"/>
        <line num="74" count="1" type="stmt"/>
        <line num="76" count="1" type="cond" truecount="1" falsecount="0"/>
        <line num="77" count="1" type="cond" truecount="0" falsecount="1"/>
        <line num="78" count="0" type="stmt"/>
        <line num="79" count="0" type="stmt"/>
        <line num="81" count="1" type="stmt"/>
        <line num="83" count="1" type="stmt"/>
        <line num="84" count="1" type="stmt"/>
      </file>
      <file name="reviewsMarkdown.ts" path="/Users/frank/Developer/franksmovielog.com-astro/src/api/data/reviewsMarkdown.ts">
        <metrics statements="41" coveredstatements="41" conditionals="4" coveredconditionals="4" methods="2" coveredmethods="2"/>
        <line num="1" count="1" type="stmt"/>
        <line num="2" count="1" type="stmt"/>
        <line num="3" count="1" type="stmt"/>
        <line num="4" count="1" type="stmt"/>
        <line num="6" count="1" type="stmt"/>
        <line num="16" count="1" type="stmt"/>
        <line num="17" count="1" type="stmt"/>
        <line num="18" count="1" type="stmt"/>
        <line num="19" count="1" type="stmt"/>
        <line num="20" count="1" type="stmt"/>
        <line num="22" count="1" type="stmt"/>
        <line num="24" count="1" type="cond" truecount="1" falsecount="0"/>
        <line num="25" count="1" type="stmt"/>
        <line num="26" count="1" type="stmt"/>
        <line num="27" count="1" type="stmt"/>
        <line num="29" count="1" type="stmt"/>
        <line num="30" count="1" type="stmt"/>
        <line num="31" count="1" type="cond" truecount="1" falsecount="0"/>
        <line num="32" count="1" type="cond" truecount="1" falsecount="0"/>
        <line num="33" count="711" type="stmt"/>
        <line num="34" count="711" type="stmt"/>
        <line num="35" count="711" type="stmt"/>
        <line num="36" count="711" type="stmt"/>
        <line num="38" count="711" type="stmt"/>
        <line num="39" count="711" type="stmt"/>
        <line num="41" count="711" type="stmt"/>
        <line num="42" count="711" type="stmt"/>
        <line num="43" count="711" type="stmt"/>
        <line num="44" count="711" type="stmt"/>
        <line num="45" count="711" type="stmt"/>
        <line num="46" count="711" type="stmt"/>
        <line num="47" count="711" type="stmt"/>
        <line num="48" count="1" type="stmt"/>
        <line num="49" count="1" type="stmt"/>
        <line num="50" count="1" type="stmt"/>
        <line num="52" count="1" type="cond" truecount="1" falsecount="0"/>
        <line num="53" count="1" type="stmt"/>
        <line num="54" count="1" type="stmt"/>
        <line num="55" count="1" type="stmt"/>
        <line num="57" count="1" type="stmt"/>
        <line num="58" count="1" type="stmt"/>
      </file>
      <file name="viewingsMarkdown.ts" path="/Users/frank/Developer/franksmovielog.com-astro/src/api/data/viewingsMarkdown.ts">
        <metrics statements="49" coveredstatements="49" conditionals="4" coveredconditionals="4" methods="2" coveredmethods="2"/>
        <line num="1" count="1" type="stmt"/>
        <line num="2" count="1" type="stmt"/>
        <line num="3" count="1" type="stmt"/>
        <line num="4" count="1" type="stmt"/>
        <line num="6" count="1" type="stmt"/>
        <line num="8" count="1" type="stmt"/>
        <line num="9" count="1" type="stmt"/>
        <line num="10" count="1" type="stmt"/>
        <line num="11" count="1" type="stmt"/>
        <line num="12" count="1" type="stmt"/>
        <line num="13" count="1" type="stmt"/>
        <line num="14" count="1" type="stmt"/>
        <line num="15" count="1" type="stmt"/>
        <line num="16" count="1" type="stmt"/>
        <line num="29" count="1" type="stmt"/>
        <line num="31" count="1" type="cond" truecount="1" falsecount="0"/>
        <line num="32" count="1" type="stmt"/>
        <line num="33" count="1" type="stmt"/>
        <line num="34" count="1" type="stmt"/>
        <line num="36" count="1" type="stmt"/>
        <line num="37" count="1" type="stmt"/>
        <line num="38" count="1" type="cond" truecount="1" falsecount="0"/>
        <line num="39" count="1" type="cond" truecount="1" falsecount="0"/>
        <line num="40" count="1609" type="stmt"/>
        <line num="41" count="1609" type="stmt"/>
        <line num="42" count="1609" type="stmt"/>
        <line num="43" count="1609" type="stmt"/>
        <line num="45" count="1609" type="stmt"/>
        <line num="46" count="1609" type="stmt"/>
        <line num="48" count="1609" type="stmt"/>
        <line num="49" count="1609" type="stmt"/>
        <line num="50" count="1609" type="stmt"/>
        <line num="51" count="1609" type="stmt"/>
        <line num="52" count="1609" type="stmt"/>
        <line num="53" count="1609" type="stmt"/>
        <line num="54" count="1609" type="stmt"/>
        <line num="55" count="1609" type="stmt"/>
        <line num="56" count="1609" type="stmt"/>
        <line num="57" count="1609" type="stmt"/>
        <line num="59" count="1609" type="stmt"/>
        <line num="60" count="1" type="stmt"/>
        <line num="61" count="1" type="stmt"/>
        <line num="62" count="1" type="stmt"/>
        <line num="64" count="1" type="cond" truecount="1" falsecount="0"/>
        <line num="65" count="1" type="stmt"/>
        <line num="66" count="1" type="stmt"/>
        <line num="67" count="1" type="stmt"/>
        <line num="69" count="1" type="stmt"/>
        <line num="70" count="1" type="stmt"/>
      </file>
    </package>
    <package name="api.data.utils.__mocks__">
      <metrics statements="10" coveredstatements="10" conditionals="3" coveredconditionals="3" methods="1" coveredmethods="1"/>
      <file name="getContentPath.ts" path="/Users/frank/Developer/franksmovielog.com-astro/src/api/data/utils/__mocks__/getContentPath.ts">
        <metrics statements="10" coveredstatements="10" conditionals="3" coveredconditionals="3" methods="1" coveredmethods="1"/>
        <line num="1" count="1" type="stmt"/>
        <line num="3" count="1" type="cond" truecount="1" falsecount="0"/>
        <line num="4" count="3" type="stmt"/>
        <line num="5" count="3" type="stmt"/>
        <line num="6" count="3" type="stmt"/>
        <line num="7" count="3" type="cond" truecount="1" falsecount="0"/>
        <line num="8" count="1" type="stmt"/>
        <line num="9" count="1" type="cond" truecount="1" falsecount="0"/>
        <line num="11" count="2" type="stmt"/>
        <line num="12" count="2" type="stmt"/>
      </file>
    </package>
    <package name="api.utils">
      <metrics statements="27" coveredstatements="27" conditionals="5" coveredconditionals="5" methods="1" coveredmethods="1"/>
      <file name="linkReviewedTitles.ts" path="/Users/frank/Developer/franksmovielog.com-astro/src/api/utils/linkReviewedTitles.ts">
        <metrics statements="27" coveredstatements="27" conditionals="5" coveredconditionals="5" methods="1" coveredmethods="1"/>
        <line num="1" count="1" type="cond" truecount="1" falsecount="0"/>
        <line num="2" count="1713" type="stmt"/>
        <line num="3" count="1713" type="stmt"/>
        <line num="4" count="1713" type="stmt"/>
        <line num="5" count="1713" type="stmt"/>
        <line num="7" count="1713" type="stmt"/>
        <line num="9" count="1713" type="stmt"/>
        <line num="11" count="1713" type="cond" truecount="1" falsecount="0"/>
        <line num="12" count="797" type="stmt"/>
        <line num="13" count="797" type="cond" truecount="1" falsecount="0"/>
        <line num="14" count="797" type="stmt"/>
        <line num="16" count="797" type="cond" truecount="1" falsecount="0"/>
        <line num="17" count="365" type="stmt"/>
        <line num="18" count="365" type="stmt"/>
        <line num="19" count="365" type="stmt"/>
        <line num="20" count="365" type="stmt"/>
        <line num="21" count="365" type="stmt"/>
        <line num="22" count="365" type="stmt"/>
        <line num="23" count="797" type="cond" truecount="1" falsecount="0"/>
        <line num="24" count="432" type="stmt"/>
        <line num="25" count="432" type="stmt"/>
        <line num="26" count="432" type="stmt"/>
        <line num="27" count="432" type="stmt"/>
        <line num="28" count="432" type="stmt"/>
        <line num="29" count="797" type="stmt"/>
        <line num="31" count="1713" type="stmt"/>
        <line num="32" count="1713" type="stmt"/>
      </file>
    </package>
    <package name="api.utils.markdown">
      <metrics statements="65" coveredstatements="64" conditionals="14" coveredconditionals="13" methods="4" coveredmethods="4"/>
      <file name="getHtml.ts" path="/Users/frank/Developer/franksmovielog.com-astro/src/api/utils/markdown/getHtml.ts">
        <metrics statements="24" coveredstatements="24" conditionals="3" coveredconditionals="3" methods="1" coveredmethods="1"/>
        <line num="1" count="1" type="stmt"/>
        <line num="2" count="1" type="stmt"/>
        <line num="3" count="1" type="stmt"/>
        <line num="4" count="1" type="stmt"/>
        <line num="5" count="1" type="stmt"/>
        <line num="6" count="1" type="stmt"/>
        <line num="7" count="1" type="stmt"/>
        <line num="9" count="1" type="cond" truecount="1" falsecount="0"/>
        <line num="10" count="1644" type="stmt"/>
        <line num="11" count="1644" type="stmt"/>
        <line num="12" count="1644" type="stmt"/>
        <line num="13" count="1644" type="cond" truecount="1" falsecount="0"/>
        <line num="14" count="913" type="stmt"/>
        <line num="15" count="913" type="cond" truecount="1" falsecount="0"/>
        <line num="17" count="731" type="stmt"/>
        <line num="18" count="731" type="stmt"/>
        <line num="19" count="731" type="stmt"/>
        <line num="20" count="731" type="stmt"/>
        <line num="21" count="731" type="stmt"/>
        <line num="22" count="731" type="stmt"/>
        <line num="23" count="731" type="stmt"/>
        <line num="24" count="731" type="stmt"/>
        <line num="26" count="731" type="stmt"/>
        <line num="27" count="731" type="stmt"/>
      </file>
      <file name="removeFootnotes.ts" path="/Users/frank/Developer/franksmovielog.com-astro/src/api/utils/markdown/removeFootnotes.ts">
        <metrics statements="22" coveredstatements="21" conditionals="4" coveredconditionals="3" methods="1" coveredmethods="1"/>
        <line num="1" count="1" type="stmt"/>
        <line num="2" count="1" type="stmt"/>
        <line num="4" count="1" type="cond" truecount="1" falsecount="0"/>
        <line num="5" count="1422" type="cond" truecount="1" falsecount="0"/>
        <line num="6" count="1422" type="stmt"/>
        <line num="7" count="1422" type="stmt"/>
        <line num="8" count="1422" type="stmt"/>
        <line num="9" count="1422" type="cond" truecount="1" falsecount="0"/>
        <line num="10" count="186" type="stmt"/>
        <line num="11" count="186" type="stmt"/>
        <line num="12" count="186" type="stmt"/>
        <line num="13" count="186" type="stmt"/>
        <line num="14" count="186" type="stmt"/>
        <line num="15" count="186" type="stmt"/>
        <line num="16" count="186" type="stmt"/>
        <line num="17" count="186" type="cond" truecount="0" falsecount="1"/>
        <line num="18" count="0" type="stmt"/>
        <line num="19" count="186" type="stmt"/>
        <line num="20" count="1422" type="stmt"/>
        <line num="22" count="1422" type="stmt"/>
        <line num="23" count="1422" type="stmt"/>
        <line num="24" count="1422" type="stmt"/>
      </file>
      <file name="rootAsSpan.ts" path="/Users/frank/Developer/franksmovielog.com-astro/src/api/utils/markdown/rootAsSpan.ts">
        <metrics statements="8" coveredstatements="8" conditionals="2" coveredconditionals="2" methods="1" coveredmethods="1"/>
        <line num="3" count="1" type="cond" truecount="1" falsecount="0"/>
        <line num="4" count="982" type="cond" truecount="1" falsecount="0"/>
        <line num="5" count="982" type="stmt"/>
        <line num="7" count="982" type="stmt"/>
        <line num="8" count="982" type="stmt"/>
        <line num="9" count="982" type="stmt"/>
        <line num="10" count="982" type="stmt"/>
        <line num="11" count="982" type="stmt"/>
      </file>
      <file name="trimToExcerpt.ts" path="/Users/frank/Developer/franksmovielog.com-astro/src/api/utils/markdown/trimToExcerpt.ts">
        <metrics statements="11" coveredstatements="11" conditionals="5" coveredconditionals="5" methods="1" coveredmethods="1"/>
        <line num="3" count="1" type="stmt"/>
        <line num="5" count="1" type="cond" truecount="1" falsecount="0"/>
        <line num="6" count="1422" type="cond" truecount="1" falsecount="0"/>
        <line num="7" count="1422" type="cond" truecount="1" falsecount="0"/>
        <line num="8" count="3558" type="cond" truecount="1" falsecount="0"/>
        <line num="9" count="1422" type="stmt"/>
        <line num="11" count="1422" type="cond" truecount="1" falsecount="0"/>
        <line num="12" count="1026" type="stmt"/>
        <line num="13" count="1026" type="stmt"/>
        <line num="14" count="1422" type="stmt"/>
        <line num="15" count="1422" type="stmt"/>
      </file>
    </package>
    <package name="pages">
      <metrics statements="48" coveredstatements="48" conditionals="4" coveredconditionals="4" methods="2" coveredmethods="2"/>
      <file name="feed.xml.ts" path="/Users/frank/Developer/franksmovielog.com-astro/src/pages/feed.xml.ts">
        <metrics statements="48" coveredstatements="48" conditionals="4" coveredconditionals="4" methods="2" coveredmethods="2"/>
        <line num="1" count="1" type="stmt"/>
        <line num="2" count="1" type="stmt"/>
        <line num="3" count="1" type="stmt"/>
        <line num="4" count="1" type="stmt"/>
        <line num="5" count="1" type="stmt"/>
        <line num="8" count="10" type="cond" truecount="1" falsecount="0"/>
        <line num="9" count="10" type="stmt"/>
        <line num="10" count="10" type="stmt"/>
        <line num="11" count="10" type="stmt"/>
        <line num="12" count="10" type="stmt"/>
        <line num="13" count="10" type="stmt"/>
        <line num="15" count="10" type="stmt"/>
        <line num="16" count="10" type="stmt"/>
        <line num="18" count="1" type="cond" truecount="1" falsecount="0"/>
        <line num="19" count="1" type="stmt"/>
        <line num="21" count="1" type="cond" truecount="1" falsecount="0"/>
        <line num="23" count="1" type="stmt"/>
        <line num="25" count="1" type="stmt"/>
        <line num="27" count="1" type="stmt"/>
        <line num="29" count="1" type="stmt"/>
        <line num="32" count="1" type="stmt"/>
        <line num="35" count="1" type="stmt"/>
        <line num="36" count="1" type="cond" truecount="1" falsecount="0"/>
        <line num="37" count="10" type="stmt"/>
        <line num="38" count="10" type="stmt"/>
        <line num="40" count="10" type="stmt"/>
        <line num="41" count="10" type="stmt"/>
        <line num="42" count="10" type="stmt"/>
        <line num="43" count="10" type="stmt"/>
        <line num="44" count="10" type="stmt"/>
        <line num="45" count="10" type="stmt"/>
        <line num="46" count="10" type="stmt"/>
        <line num="48" count="10" type="stmt"/>
        <line num="50" count="10" type="stmt"/>
        <line num="51" count="10" type="stmt"/>
        <line num="52" count="10" type="stmt"/>
        <line num="53" count="10" type="stmt"/>
        <line num="54" count="10" type="stmt"/>
        <line num="55" count="10" type="stmt"/>
        <line num="56" count="10" type="stmt"/>
        <line num="57" count="10" type="stmt"/>
        <line num="58" count="10" type="stmt"/>
        <line num="59" count="10" type="stmt"/>
        <line num="60" count="10" type="stmt"/>
        <line num="61" count="1" type="stmt"/>
        <line num="62" count="1" type="stmt"/>
        <line num="63" count="1" type="stmt"/>
        <line num="64" count="1" type="stmt"/>
      </file>
    </package>
    <package name="utils">
      <metrics statements="18" coveredstatements="18" conditionals="1" coveredconditionals="1" methods="1" coveredmethods="1"/>
      <file name="textStarsForGrade.ts" path="/Users/frank/Developer/franksmovielog.com-astro/src/utils/textStarsForGrade.ts">
        <metrics statements="18" coveredstatements="18" conditionals="1" coveredconditionals="1" methods="1" coveredmethods="1"/>
        <line num="1" count="1" type="stmt"/>
        <line num="2" count="1" type="stmt"/>
        <line num="3" count="1" type="stmt"/>
        <line num="4" count="1" type="stmt"/>
        <line num="5" count="1" type="stmt"/>
        <line num="6" count="1" type="stmt"/>
        <line num="7" count="1" type="stmt"/>
        <line num="8" count="1" type="stmt"/>
        <line num="9" count="1" type="stmt"/>
        <line num="10" count="1" type="stmt"/>
        <line num="11" count="1" type="stmt"/>
        <line num="12" count="1" type="stmt"/>
        <line num="13" count="1" type="stmt"/>
        <line num="14" count="1" type="stmt"/>
        <line num="15" count="1" type="stmt"/>
        <line num="17" count="1" type="cond" truecount="1" falsecount="0"/>
        <line num="18" count="10" type="stmt"/>
        <line num="19" count="10" type="stmt"/>
      </file>
    </package>
  </project>
</coverage>
