{"/Users/frank/Developer/franksmovielog.com-astro/src/api/reviews.ts": {"path":"/Users/frank/Developer/franksmovielog.com-astro/src/api/reviews.ts","all":false,"statementMap":{"0":{"start":{"line":1,"column":0},"end":{"line":1,"column":66}},"2":{"start":{"line":3,"column":0},"end":{"line":3,"column":60}},"5":{"start":{"line":6,"column":0},"end":{"line":6,"column":62}},"6":{"start":{"line":7,"column":0},"end":{"line":7,"column":35}},"7":{"start":{"line":8,"column":0},"end":{"line":8,"column":41}},"8":{"start":{"line":9,"column":0},"end":{"line":9,"column":35}},"9":{"start":{"line":10,"column":0},"end":{"line":10,"column":45}},"10":{"start":{"line":11,"column":0},"end":{"line":11,"column":47}},"11":{"start":{"line":12,"column":0},"end":{"line":12,"column":32}},"12":{"start":{"line":13,"column":0},"end":{"line":13,"column":64}},"13":{"start":{"line":14,"column":0},"end":{"line":14,"column":67}},"14":{"start":{"line":15,"column":0},"end":{"line":15,"column":57}},"18":{"start":{"line":19,"column":0},"end":{"line":19,"column":40}},"19":{"start":{"line":20,"column":0},"end":{"line":20,"column":35}},"20":{"start":{"line":21,"column":0},"end":{"line":21,"column":51}},"42":{"start":{"line":43,"column":0},"end":{"line":43,"column":19}},"44":{"start":{"line":45,"column":0},"end":{"line":45,"column":29}},"45":{"start":{"line":46,"column":0},"end":{"line":46,"column":50}},"46":{"start":{"line":47,"column":0},"end":{"line":47,"column":1}},"48":{"start":{"line":49,"column":0},"end":{"line":49,"column":23}},"49":{"start":{"line":50,"column":0},"end":{"line":50,"column":25}},"50":{"start":{"line":51,"column":0},"end":{"line":51,"column":53}},"51":{"start":{"line":52,"column":0},"end":{"line":52,"column":3}},"52":{"start":{"line":53,"column":0},"end":{"line":53,"column":17}},"53":{"start":{"line":54,"column":0},"end":{"line":54,"column":16}},"54":{"start":{"line":55,"column":0},"end":{"line":55,"column":3}},"56":{"start":{"line":57,"column":0},"end":{"line":57,"column":33}},"57":{"start":{"line":58,"column":0},"end":{"line":58,"column":52}},"58":{"start":{"line":59,"column":0},"end":{"line":59,"column":19}},"59":{"start":{"line":60,"column":0},"end":{"line":60,"column":20}},"60":{"start":{"line":61,"column":0},"end":{"line":61,"column":25}},"61":{"start":{"line":62,"column":0},"end":{"line":62,"column":25}},"62":{"start":{"line":63,"column":0},"end":{"line":63,"column":16}},"64":{"start":{"line":65,"column":0},"end":{"line":65,"column":50}},"65":{"start":{"line":66,"column":0},"end":{"line":66,"column":1}},"67":{"start":{"line":68,"column":0},"end":{"line":68,"column":24}},"68":{"start":{"line":69,"column":0},"end":{"line":69,"column":18}},"69":{"start":{"line":70,"column":0},"end":{"line":70,"column":15}},"70":{"start":{"line":71,"column":0},"end":{"line":71,"column":53}},"71":{"start":{"line":72,"column":0},"end":{"line":72,"column":3}},"72":{"start":{"line":73,"column":0},"end":{"line":73,"column":38}},"73":{"start":{"line":74,"column":0},"end":{"line":74,"column":25}},"74":{"start":{"line":75,"column":0},"end":{"line":75,"column":23}},"75":{"start":{"line":76,"column":0},"end":{"line":76,"column":52}},"76":{"start":{"line":77,"column":0},"end":{"line":77,"column":19}},"77":{"start":{"line":78,"column":0},"end":{"line":78,"column":20}},"78":{"start":{"line":79,"column":0},"end":{"line":79,"column":25}},"79":{"start":{"line":80,"column":0},"end":{"line":80,"column":25}},"80":{"start":{"line":81,"column":0},"end":{"line":81,"column":16}},"82":{"start":{"line":83,"column":0},"end":{"line":83,"column":62}},"84":{"start":{"line":85,"column":0},"end":{"line":85,"column":24}},"85":{"start":{"line":86,"column":0},"end":{"line":86,"column":50}},"86":{"start":{"line":87,"column":0},"end":{"line":87,"column":38}},"87":{"start":{"line":88,"column":0},"end":{"line":88,"column":15}},"88":{"start":{"line":89,"column":0},"end":{"line":89,"column":87}},"89":{"start":{"line":90,"column":0},"end":{"line":90,"column":6}},"90":{"start":{"line":91,"column":0},"end":{"line":91,"column":3}},"92":{"start":{"line":93,"column":0},"end":{"line":93,"column":57}},"93":{"start":{"line":94,"column":0},"end":{"line":94,"column":1}},"95":{"start":{"line":96,"column":0},"end":{"line":96,"column":47}},"96":{"start":{"line":97,"column":0},"end":{"line":97,"column":27}},"97":{"start":{"line":98,"column":0},"end":{"line":98,"column":25}},"98":{"start":{"line":99,"column":0},"end":{"line":99,"column":23}},"99":{"start":{"line":100,"column":0},"end":{"line":100,"column":15}},"100":{"start":{"line":101,"column":0},"end":{"line":101,"column":25}},"101":{"start":{"line":102,"column":0},"end":{"line":102,"column":16}},"102":{"start":{"line":103,"column":0},"end":{"line":103,"column":1}},"104":{"start":{"line":105,"column":0},"end":{"line":105,"column":54}},"105":{"start":{"line":106,"column":0},"end":{"line":106,"column":14}},"106":{"start":{"line":107,"column":0},"end":{"line":107,"column":17}},"107":{"start":{"line":108,"column":0},"end":{"line":108,"column":3}},"109":{"start":{"line":110,"column":0},"end":{"line":110,"column":59}},"110":{"start":{"line":111,"column":0},"end":{"line":111,"column":53}},"111":{"start":{"line":112,"column":0},"end":{"line":112,"column":55}},"112":{"start":{"line":113,"column":0},"end":{"line":113,"column":48}},"113":{"start":{"line":114,"column":0},"end":{"line":114,"column":49}},"114":{"start":{"line":115,"column":0},"end":{"line":115,"column":43}},"116":{"start":{"line":117,"column":0},"end":{"line":117,"column":36}},"117":{"start":{"line":118,"column":0},"end":{"line":118,"column":39}},"118":{"start":{"line":119,"column":0},"end":{"line":119,"column":65}},"119":{"start":{"line":120,"column":0},"end":{"line":120,"column":43}},"121":{"start":{"line":122,"column":0},"end":{"line":122,"column":63}},"122":{"start":{"line":123,"column":0},"end":{"line":123,"column":50}},"123":{"start":{"line":124,"column":0},"end":{"line":124,"column":9}},"125":{"start":{"line":126,"column":0},"end":{"line":126,"column":20}},"126":{"start":{"line":127,"column":0},"end":{"line":127,"column":24}},"127":{"start":{"line":128,"column":0},"end":{"line":128,"column":88}},"128":{"start":{"line":129,"column":0},"end":{"line":129,"column":10}},"129":{"start":{"line":130,"column":0},"end":{"line":130,"column":7}},"131":{"start":{"line":132,"column":0},"end":{"line":132,"column":30}},"132":{"start":{"line":133,"column":0},"end":{"line":133,"column":49}},"133":{"start":{"line":134,"column":0},"end":{"line":134,"column":26}},"134":{"start":{"line":135,"column":0},"end":{"line":135,"column":26}},"135":{"start":{"line":136,"column":0},"end":{"line":136,"column":11}},"136":{"start":{"line":137,"column":0},"end":{"line":137,"column":8}},"138":{"start":{"line":139,"column":0},"end":{"line":139,"column":39}},"139":{"start":{"line":140,"column":0},"end":{"line":140,"column":30}},"140":{"start":{"line":141,"column":0},"end":{"line":141,"column":49}},"141":{"start":{"line":142,"column":0},"end":{"line":142,"column":10}},"142":{"start":{"line":143,"column":0},"end":{"line":143,"column":27}},"143":{"start":{"line":144,"column":0},"end":{"line":144,"column":18}},"144":{"start":{"line":145,"column":0},"end":{"line":145,"column":23}},"145":{"start":{"line":146,"column":0},"end":{"line":146,"column":38}},"146":{"start":{"line":147,"column":0},"end":{"line":147,"column":36}},"147":{"start":{"line":148,"column":0},"end":{"line":148,"column":33}},"148":{"start":{"line":149,"column":0},"end":{"line":149,"column":14}},"149":{"start":{"line":150,"column":0},"end":{"line":150,"column":39}},"150":{"start":{"line":151,"column":0},"end":{"line":151,"column":37}},"151":{"start":{"line":152,"column":0},"end":{"line":152,"column":33}},"152":{"start":{"line":153,"column":0},"end":{"line":153,"column":14}},"153":{"start":{"line":154,"column":0},"end":{"line":154,"column":79}},"154":{"start":{"line":155,"column":0},"end":{"line":155,"column":12}},"155":{"start":{"line":156,"column":0},"end":{"line":156,"column":11}},"157":{"start":{"line":158,"column":0},"end":{"line":158,"column":34}},"158":{"start":{"line":159,"column":0},"end":{"line":159,"column":24}},"159":{"start":{"line":160,"column":0},"end":{"line":160,"column":95}},"160":{"start":{"line":161,"column":0},"end":{"line":161,"column":10}},"161":{"start":{"line":162,"column":0},"end":{"line":162,"column":7}},"163":{"start":{"line":164,"column":0},"end":{"line":164,"column":14}},"164":{"start":{"line":165,"column":0},"end":{"line":165,"column":17}},"165":{"start":{"line":166,"column":0},"end":{"line":166,"column":18}},"166":{"start":{"line":167,"column":0},"end":{"line":167,"column":17}},"167":{"start":{"line":168,"column":0},"end":{"line":168,"column":64}},"168":{"start":{"line":169,"column":0},"end":{"line":169,"column":32}},"169":{"start":{"line":170,"column":0},"end":{"line":170,"column":28}},"170":{"start":{"line":171,"column":0},"end":{"line":171,"column":21}},"171":{"start":{"line":172,"column":0},"end":{"line":172,"column":29}},"172":{"start":{"line":173,"column":0},"end":{"line":173,"column":10}},"173":{"start":{"line":174,"column":0},"end":{"line":174,"column":65}},"174":{"start":{"line":175,"column":0},"end":{"line":175,"column":8}},"175":{"start":{"line":176,"column":0},"end":{"line":176,"column":7}},"176":{"start":{"line":177,"column":0},"end":{"line":177,"column":4}},"178":{"start":{"line":179,"column":0},"end":{"line":179,"column":11}},"179":{"start":{"line":180,"column":0},"end":{"line":180,"column":21}},"180":{"start":{"line":181,"column":0},"end":{"line":181,"column":58}},"181":{"start":{"line":182,"column":0},"end":{"line":182,"column":70}},"182":{"start":{"line":183,"column":0},"end":{"line":183,"column":68}},"183":{"start":{"line":184,"column":0},"end":{"line":184,"column":4}},"185":{"start":{"line":186,"column":0},"end":{"line":186,"column":15}},"186":{"start":{"line":187,"column":0},"end":{"line":187,"column":1}}},"s":{"0":1,"2":1,"5":1,"6":1,"7":1,"8":1,"9":1,"10":1,"11":1,"12":1,"13":1,"14":1,"18":1,"19":1,"20":1,"42":1,"44":1693,"45":1693,"46":1693,"48":1866,"49":1866,"50":1866,"51":1866,"52":1866,"53":1595,"54":1595,"56":271,"57":271,"58":271,"59":271,"60":271,"61":271,"62":271,"64":271,"65":271,"67":711,"68":711,"69":711,"70":711,"71":711,"72":711,"73":711,"74":711,"75":711,"76":711,"77":711,"78":711,"79":711,"80":711,"82":711,"84":711,"85":514,"86":514,"87":514,"88":514,"89":514,"90":514,"92":711,"93":711,"95":711,"96":711,"97":711,"98":711,"99":711,"100":711,"101":711,"102":711,"104":1,"105":1,"106":0,"107":0,"109":1,"110":1,"111":1,"112":1,"113":1,"114":1,"116":1,"117":1,"118":711,"119":711,"121":711,"122":253116,"123":711,"125":711,"126":0,"127":0,"128":0,"129":0,"131":711,"132":711,"133":711,"134":711,"135":711,"136":711,"138":711,"139":711,"140":1143999,"141":711,"142":711,"143":933,"144":933,"145":933,"146":933,"147":933,"148":933,"149":933,"150":933,"151":933,"152":933,"153":933,"154":933,"155":711,"157":711,"158":0,"159":0,"160":0,"161":0,"163":711,"164":711,"165":711,"166":711,"167":711,"168":711,"169":711,"170":711,"171":711,"172":711,"173":711,"174":711,"175":1,"176":1,"178":1,"179":1,"180":1,"181":1,"182":1,"183":1,"185":1,"186":1},"branchMap":{"0":{"type":"branch","line":45,"loc":{"start":{"line":45,"column":0},"end":{"line":47,"column":1}},"locations":[{"start":{"line":45,"column":0},"end":{"line":47,"column":1}}]},"1":{"type":"branch","line":49,"loc":{"start":{"line":49,"column":0},"end":{"line":66,"column":1}},"locations":[{"start":{"line":49,"column":0},"end":{"line":66,"column":1}}]},"2":{"type":"branch","line":53,"loc":{"start":{"line":53,"column":16},"end":{"line":55,"column":3}},"locations":[{"start":{"line":53,"column":16},"end":{"line":55,"column":3}}]},"3":{"type":"branch","line":55,"loc":{"start":{"line":55,"column":2},"end":{"line":66,"column":1}},"locations":[{"start":{"line":55,"column":2},"end":{"line":66,"column":1}}]},"4":{"type":"branch","line":68,"loc":{"start":{"line":68,"column":0},"end":{"line":94,"column":1}},"locations":[{"start":{"line":68,"column":0},"end":{"line":94,"column":1}}]},"5":{"type":"branch","line":85,"loc":{"start":{"line":85,"column":23},"end":{"line":91,"column":3}},"locations":[{"start":{"line":85,"column":23},"end":{"line":91,"column":3}}]},"6":{"type":"branch","line":96,"loc":{"start":{"line":96,"column":0},"end":{"line":103,"column":1}},"locations":[{"start":{"line":96,"column":0},"end":{"line":103,"column":1}}]},"7":{"type":"branch","line":105,"loc":{"start":{"line":105,"column":0},"end":{"line":187,"column":1}},"locations":[{"start":{"line":105,"column":0},"end":{"line":187,"column":1}}]},"8":{"type":"branch","line":106,"loc":{"start":{"line":106,"column":13},"end":{"line":108,"column":3}},"locations":[{"start":{"line":106,"column":13},"end":{"line":108,"column":3}}]},"9":{"type":"branch","line":118,"loc":{"start":{"line":118,"column":27},"end":{"line":176,"column":5}},"locations":[{"start":{"line":118,"column":27},"end":{"line":176,"column":5}}]},"10":{"type":"branch","line":126,"loc":{"start":{"line":126,"column":19},"end":{"line":130,"column":7}},"locations":[{"start":{"line":126,"column":19},"end":{"line":130,"column":7}}]},"11":{"type":"branch","line":158,"loc":{"start":{"line":158,"column":33},"end":{"line":162,"column":7}},"locations":[{"start":{"line":158,"column":33},"end":{"line":162,"column":7}}]},"12":{"type":"branch","line":119,"loc":{"start":{"line":119,"column":27},"end":{"line":119,"column":63}},"locations":[{"start":{"line":119,"column":27},"end":{"line":119,"column":63}}]},"13":{"type":"branch","line":122,"loc":{"start":{"line":122,"column":42},"end":{"line":124,"column":7}},"locations":[{"start":{"line":122,"column":42},"end":{"line":124,"column":7}}]},"14":{"type":"branch","line":140,"loc":{"start":{"line":140,"column":16},"end":{"line":142,"column":9}},"locations":[{"start":{"line":140,"column":16},"end":{"line":142,"column":9}}]},"15":{"type":"branch","line":143,"loc":{"start":{"line":143,"column":13},"end":{"line":156,"column":9}},"locations":[{"start":{"line":143,"column":13},"end":{"line":156,"column":9}}]}},"b":{"0":[1693],"1":[1866],"2":[1595],"3":[271],"4":[711],"5":[514],"6":[711],"7":[1],"8":[0],"9":[711],"10":[0],"11":[0],"12":[1996],"13":[253116],"14":[1143999],"15":[933]},"fnMap":{"0":{"name":"getMastProcessor","decl":{"start":{"line":45,"column":0},"end":{"line":47,"column":1}},"loc":{"start":{"line":45,"column":0},"end":{"line":47,"column":1}},"line":45},"1":{"name":"getHtmlAsSpan","decl":{"start":{"line":49,"column":0},"end":{"line":66,"column":1}},"loc":{"start":{"line":49,"column":0},"end":{"line":66,"column":1}},"line":49},"2":{"name":"getExcerptHtml","decl":{"start":{"line":68,"column":0},"end":{"line":94,"column":1}},"loc":{"start":{"line":68,"column":0},"end":{"line":94,"column":1}},"line":68},"3":{"name":"getExcerptPlainText","decl":{"start":{"line":96,"column":0},"end":{"line":103,"column":1}},"loc":{"start":{"line":96,"column":0},"end":{"line":103,"column":1}},"line":96},"4":{"name":"allReviews","decl":{"start":{"line":105,"column":0},"end":{"line":187,"column":1}},"loc":{"start":{"line":105,"column":0},"end":{"line":187,"column":1}},"line":105}},"f":{"0":1693,"1":1866,"2":711,"3":711,"4":1}}
,"/Users/frank/Developer/franksmovielog.com-astro/src/api/stills.ts": {"path":"/Users/frank/Developer/franksmovielog.com-astro/src/api/stills.ts","all":false,"statementMap":{"0":{"start":{"line":1,"column":0},"end":{"line":1,"column":52}},"1":{"start":{"line":2,"column":0},"end":{"line":2,"column":40}},"13":{"start":{"line":14,"column":0},"end":{"line":14,"column":67}},"15":{"start":{"line":16,"column":0},"end":{"line":16,"column":2}},"17":{"start":{"line":18,"column":0},"end":{"line":18,"column":49}},"18":{"start":{"line":19,"column":0},"end":{"line":19,"column":63}},"19":{"start":{"line":20,"column":0},"end":{"line":20,"column":1}},"21":{"start":{"line":22,"column":0},"end":{"line":22,"column":65}},"23":{"start":{"line":24,"column":0},"end":{"line":24,"column":33}},"24":{"start":{"line":25,"column":0},"end":{"line":25,"column":8}},"25":{"start":{"line":26,"column":0},"end":{"line":26,"column":9}},"26":{"start":{"line":27,"column":0},"end":{"line":27,"column":52}},"27":{"start":{"line":28,"column":0},"end":{"line":28,"column":20}},"29":{"start":{"line":30,"column":0},"end":{"line":30,"column":21}},"30":{"start":{"line":31,"column":0},"end":{"line":31,"column":23}},"31":{"start":{"line":32,"column":0},"end":{"line":32,"column":3}},"33":{"start":{"line":34,"column":0},"end":{"line":34,"column":54}},"35":{"start":{"line":36,"column":0},"end":{"line":36,"column":20}},"36":{"start":{"line":37,"column":0},"end":{"line":37,"column":46}},"37":{"start":{"line":38,"column":0},"end":{"line":38,"column":46}},"39":{"start":{"line":40,"column":0},"end":{"line":40,"column":45}},"40":{"start":{"line":41,"column":0},"end":{"line":41,"column":31}},"41":{"start":{"line":42,"column":0},"end":{"line":42,"column":21}},"42":{"start":{"line":43,"column":0},"end":{"line":43,"column":23}},"43":{"start":{"line":44,"column":0},"end":{"line":44,"column":23}},"44":{"start":{"line":45,"column":0},"end":{"line":45,"column":56}},"45":{"start":{"line":46,"column":0},"end":{"line":46,"column":20}},"46":{"start":{"line":47,"column":0},"end":{"line":47,"column":9}},"48":{"start":{"line":49,"column":0},"end":{"line":49,"column":51}},"49":{"start":{"line":50,"column":0},"end":{"line":50,"column":48}},"50":{"start":{"line":51,"column":0},"end":{"line":51,"column":32}},"51":{"start":{"line":52,"column":0},"end":{"line":52,"column":8}},"52":{"start":{"line":53,"column":0},"end":{"line":53,"column":7}},"53":{"start":{"line":54,"column":0},"end":{"line":54,"column":4}},"55":{"start":{"line":56,"column":0},"end":{"line":56,"column":24}},"57":{"start":{"line":58,"column":0},"end":{"line":58,"column":18}},"58":{"start":{"line":59,"column":0},"end":{"line":59,"column":1}}},"s":{"0":1,"1":1,"13":1,"15":1,"17":1,"18":0,"19":0,"21":1,"23":1,"24":1,"25":1,"26":1,"27":1,"29":1,"30":0,"31":0,"33":1,"35":1,"36":1,"37":717,"39":717,"40":717,"41":717,"42":717,"43":717,"44":717,"45":717,"46":717,"48":717,"49":717,"50":717,"51":717,"52":1,"53":1,"55":1,"57":1,"58":1},"branchMap":{"0":{"type":"branch","line":14,"loc":{"start":{"line":14,"column":34},"end":{"line":14,"column":67}},"locations":[{"start":{"line":14,"column":34},"end":{"line":14,"column":67}}]},"1":{"type":"branch","line":14,"loc":{"start":{"line":14,"column":34},"end":{"line":14,"column":67}},"locations":[{"start":{"line":14,"column":34},"end":{"line":14,"column":67}}]},"2":{"type":"branch","line":14,"loc":{"start":{"line":14,"column":34},"end":{"line":14,"column":67}},"locations":[{"start":{"line":14,"column":34},"end":{"line":14,"column":67}}]},"3":{"type":"branch","line":14,"loc":{"start":{"line":14,"column":34},"end":{"line":14,"column":67}},"locations":[{"start":{"line":14,"column":34},"end":{"line":14,"column":67}}]},"4":{"type":"branch","line":14,"loc":{"start":{"line":14,"column":34},"end":{"line":14,"column":67}},"locations":[{"start":{"line":14,"column":34},"end":{"line":14,"column":67}}]},"5":{"type":"branch","line":14,"loc":{"start":{"line":14,"column":34},"end":{"line":14,"column":67}},"locations":[{"start":{"line":14,"column":34},"end":{"line":14,"column":67}}]},"6":{"type":"branch","line":14,"loc":{"start":{"line":14,"column":34},"end":{"line":14,"column":67}},"locations":[{"start":{"line":14,"column":34},"end":{"line":14,"column":67}}]},"7":{"type":"branch","line":14,"loc":{"start":{"line":14,"column":34},"end":{"line":14,"column":67}},"locations":[{"start":{"line":14,"column":34},"end":{"line":14,"column":67}}]},"8":{"type":"branch","line":14,"loc":{"start":{"line":14,"column":34},"end":{"line":14,"column":67}},"locations":[{"start":{"line":14,"column":34},"end":{"line":14,"column":67}}]},"9":{"type":"branch","line":14,"loc":{"start":{"line":14,"column":34},"end":{"line":14,"column":67}},"locations":[{"start":{"line":14,"column":34},"end":{"line":14,"column":67}}]},"10":{"type":"branch","line":14,"loc":{"start":{"line":14,"column":34},"end":{"line":14,"column":67}},"locations":[{"start":{"line":14,"column":34},"end":{"line":14,"column":67}}]},"11":{"type":"branch","line":14,"loc":{"start":{"line":14,"column":34},"end":{"line":14,"column":67}},"locations":[{"start":{"line":14,"column":34},"end":{"line":14,"column":67}}]},"12":{"type":"branch","line":14,"loc":{"start":{"line":14,"column":34},"end":{"line":14,"column":67}},"locations":[{"start":{"line":14,"column":34},"end":{"line":14,"column":67}}]},"13":{"type":"branch","line":14,"loc":{"start":{"line":14,"column":34},"end":{"line":14,"column":67}},"locations":[{"start":{"line":14,"column":34},"end":{"line":14,"column":67}}]},"14":{"type":"branch","line":14,"loc":{"start":{"line":14,"column":34},"end":{"line":14,"column":67}},"locations":[{"start":{"line":14,"column":34},"end":{"line":14,"column":67}}]},"15":{"type":"branch","line":14,"loc":{"start":{"line":14,"column":34},"end":{"line":14,"column":67}},"locations":[{"start":{"line":14,"column":34},"end":{"line":14,"column":67}}]},"16":{"type":"branch","line":14,"loc":{"start":{"line":14,"column":34},"end":{"line":14,"column":67}},"locations":[{"start":{"line":14,"column":34},"end":{"line":14,"column":67}}]},"17":{"type":"branch","line":14,"loc":{"start":{"line":14,"column":34},"end":{"line":14,"column":67}},"locations":[{"start":{"line":14,"column":34},"end":{"line":14,"column":67}}]},"18":{"type":"branch","line":14,"loc":{"start":{"line":14,"column":34},"end":{"line":14,"column":67}},"locations":[{"start":{"line":14,"column":34},"end":{"line":14,"column":67}}]},"19":{"type":"branch","line":14,"loc":{"start":{"line":14,"column":34},"end":{"line":14,"column":67}},"locations":[{"start":{"line":14,"column":34},"end":{"line":14,"column":67}}]},"20":{"type":"branch","line":14,"loc":{"start":{"line":14,"column":34},"end":{"line":14,"column":67}},"locations":[{"start":{"line":14,"column":34},"end":{"line":14,"column":67}}]},"21":{"type":"branch","line":14,"loc":{"start":{"line":14,"column":34},"end":{"line":14,"column":67}},"locations":[{"start":{"line":14,"column":34},"end":{"line":14,"column":67}}]},"22":{"type":"branch","line":14,"loc":{"start":{"line":14,"column":34},"end":{"line":14,"column":67}},"locations":[{"start":{"line":14,"column":34},"end":{"line":14,"column":67}}]},"23":{"type":"branch","line":14,"loc":{"start":{"line":14,"column":34},"end":{"line":14,"column":67}},"locations":[{"start":{"line":14,"column":34},"end":{"line":14,"column":67}}]},"24":{"type":"branch","line":14,"loc":{"start":{"line":14,"column":34},"end":{"line":14,"column":67}},"locations":[{"start":{"line":14,"column":34},"end":{"line":14,"column":67}}]},"25":{"type":"branch","line":14,"loc":{"start":{"line":14,"column":34},"end":{"line":14,"column":67}},"locations":[{"start":{"line":14,"column":34},"end":{"line":14,"column":67}}]},"26":{"type":"branch","line":14,"loc":{"start":{"line":14,"column":34},"end":{"line":14,"column":67}},"locations":[{"start":{"line":14,"column":34},"end":{"line":14,"column":67}}]},"27":{"type":"branch","line":14,"loc":{"start":{"line":14,"column":34},"end":{"line":14,"column":67}},"locations":[{"start":{"line":14,"column":34},"end":{"line":14,"column":67}}]},"28":{"type":"branch","line":14,"loc":{"start":{"line":14,"column":34},"end":{"line":14,"column":67}},"locations":[{"start":{"line":14,"column":34},"end":{"line":14,"column":67}}]},"29":{"type":"branch","line":14,"loc":{"start":{"line":14,"column":34},"end":{"line":14,"column":67}},"locations":[{"start":{"line":14,"column":34},"end":{"line":14,"column":67}}]},"30":{"type":"branch","line":14,"loc":{"start":{"line":14,"column":34},"end":{"line":14,"column":67}},"locations":[{"start":{"line":14,"column":34},"end":{"line":14,"column":67}}]},"31":{"type":"branch","line":14,"loc":{"start":{"line":14,"column":34},"end":{"line":14,"column":67}},"locations":[{"start":{"line":14,"column":34},"end":{"line":14,"column":67}}]},"32":{"type":"branch","line":14,"loc":{"start":{"line":14,"column":34},"end":{"line":14,"column":67}},"locations":[{"start":{"line":14,"column":34},"end":{"line":14,"column":67}}]},"33":{"type":"branch","line":14,"loc":{"start":{"line":14,"column":34},"end":{"line":14,"column":67}},"locations":[{"start":{"line":14,"column":34},"end":{"line":14,"column":67}}]},"34":{"type":"branch","line":14,"loc":{"start":{"line":14,"column":34},"end":{"line":14,"column":67}},"locations":[{"start":{"line":14,"column":34},"end":{"line":14,"column":67}}]},"35":{"type":"branch","line":14,"loc":{"start":{"line":14,"column":34},"end":{"line":14,"column":67}},"locations":[{"start":{"line":14,"column":34},"end":{"line":14,"column":67}}]},"36":{"type":"branch","line":14,"loc":{"start":{"line":14,"column":34},"end":{"line":14,"column":67}},"locations":[{"start":{"line":14,"column":34},"end":{"line":14,"column":67}}]},"37":{"type":"branch","line":14,"loc":{"start":{"line":14,"column":34},"end":{"line":14,"column":67}},"locations":[{"start":{"line":14,"column":34},"end":{"line":14,"column":67}}]},"38":{"type":"branch","line":14,"loc":{"start":{"line":14,"column":34},"end":{"line":14,"column":67}},"locations":[{"start":{"line":14,"column":34},"end":{"line":14,"column":67}}]},"39":{"type":"branch","line":14,"loc":{"start":{"line":14,"column":34},"end":{"line":14,"column":67}},"locations":[{"start":{"line":14,"column":34},"end":{"line":14,"column":67}}]},"40":{"type":"branch","line":14,"loc":{"start":{"line":14,"column":34},"end":{"line":14,"column":67}},"locations":[{"start":{"line":14,"column":34},"end":{"line":14,"column":67}}]},"41":{"type":"branch","line":14,"loc":{"start":{"line":14,"column":34},"end":{"line":14,"column":67}},"locations":[{"start":{"line":14,"column":34},"end":{"line":14,"column":67}}]},"42":{"type":"branch","line":14,"loc":{"start":{"line":14,"column":34},"end":{"line":14,"column":67}},"locations":[{"start":{"line":14,"column":34},"end":{"line":14,"column":67}}]},"43":{"type":"branch","line":14,"loc":{"start":{"line":14,"column":34},"end":{"line":14,"column":67}},"locations":[{"start":{"line":14,"column":34},"end":{"line":14,"column":67}}]},"44":{"type":"branch","line":14,"loc":{"start":{"line":14,"column":34},"end":{"line":14,"column":67}},"locations":[{"start":{"line":14,"column":34},"end":{"line":14,"column":67}}]},"45":{"type":"branch","line":14,"loc":{"start":{"line":14,"column":34},"end":{"line":14,"column":67}},"locations":[{"start":{"line":14,"column":34},"end":{"line":14,"column":67}}]},"46":{"type":"branch","line":14,"loc":{"start":{"line":14,"column":34},"end":{"line":14,"column":67}},"locations":[{"start":{"line":14,"column":34},"end":{"line":14,"column":67}}]},"47":{"type":"branch","line":14,"loc":{"start":{"line":14,"column":34},"end":{"line":14,"column":67}},"locations":[{"start":{"line":14,"column":34},"end":{"line":14,"column":67}}]},"48":{"type":"branch","line":14,"loc":{"start":{"line":14,"column":34},"end":{"line":14,"column":67}},"locations":[{"start":{"line":14,"column":34},"end":{"line":14,"column":67}}]},"49":{"type":"branch","line":14,"loc":{"start":{"line":14,"column":34},"end":{"line":14,"column":67}},"locations":[{"start":{"line":14,"column":34},"end":{"line":14,"column":67}}]},"50":{"type":"branch","line":14,"loc":{"start":{"line":14,"column":34},"end":{"line":14,"column":67}},"locations":[{"start":{"line":14,"column":34},"end":{"line":14,"column":67}}]},"51":{"type":"branch","line":14,"loc":{"start":{"line":14,"column":34},"end":{"line":14,"column":67}},"locations":[{"start":{"line":14,"column":34},"end":{"line":14,"column":67}}]},"52":{"type":"branch","line":14,"loc":{"start":{"line":14,"column":34},"end":{"line":14,"column":67}},"locations":[{"start":{"line":14,"column":34},"end":{"line":14,"column":67}}]},"53":{"type":"branch","line":14,"loc":{"start":{"line":14,"column":34},"end":{"line":14,"column":67}},"locations":[{"start":{"line":14,"column":34},"end":{"line":14,"column":67}}]},"54":{"type":"branch","line":14,"loc":{"start":{"line":14,"column":34},"end":{"line":14,"column":67}},"locations":[{"start":{"line":14,"column":34},"end":{"line":14,"column":67}}]},"55":{"type":"branch","line":14,"loc":{"start":{"line":14,"column":34},"end":{"line":14,"column":67}},"locations":[{"start":{"line":14,"column":34},"end":{"line":14,"column":67}}]},"56":{"type":"branch","line":14,"loc":{"start":{"line":14,"column":34},"end":{"line":14,"column":67}},"locations":[{"start":{"line":14,"column":34},"end":{"line":14,"column":67}}]},"57":{"type":"branch","line":14,"loc":{"start":{"line":14,"column":34},"end":{"line":14,"column":67}},"locations":[{"start":{"line":14,"column":34},"end":{"line":14,"column":67}}]},"58":{"type":"branch","line":14,"loc":{"start":{"line":14,"column":34},"end":{"line":14,"column":67}},"locations":[{"start":{"line":14,"column":34},"end":{"line":14,"column":67}}]},"59":{"type":"branch","line":14,"loc":{"start":{"line":14,"column":34},"end":{"line":14,"column":67}},"locations":[{"start":{"line":14,"column":34},"end":{"line":14,"column":67}}]},"60":{"type":"branch","line":14,"loc":{"start":{"line":14,"column":34},"end":{"line":14,"column":67}},"locations":[{"start":{"line":14,"column":34},"end":{"line":14,"column":67}}]},"61":{"type":"branch","line":14,"loc":{"start":{"line":14,"column":34},"end":{"line":14,"column":67}},"locations":[{"start":{"line":14,"column":34},"end":{"line":14,"column":67}}]},"62":{"type":"branch","line":14,"loc":{"start":{"line":14,"column":34},"end":{"line":14,"column":67}},"locations":[{"start":{"line":14,"column":34},"end":{"line":14,"column":67}}]},"63":{"type":"branch","line":14,"loc":{"start":{"line":14,"column":34},"end":{"line":14,"column":67}},"locations":[{"start":{"line":14,"column":34},"end":{"line":14,"column":67}}]},"64":{"type":"branch","line":14,"loc":{"start":{"line":14,"column":34},"end":{"line":14,"column":67}},"locations":[{"start":{"line":14,"column":34},"end":{"line":14,"column":67}}]},"65":{"type":"branch","line":14,"loc":{"start":{"line":14,"column":34},"end":{"line":14,"column":67}},"locations":[{"start":{"line":14,"column":34},"end":{"line":14,"column":67}}]},"66":{"type":"branch","line":14,"loc":{"start":{"line":14,"column":34},"end":{"line":14,"column":67}},"locations":[{"start":{"line":14,"column":34},"end":{"line":14,"column":67}}]},"67":{"type":"branch","line":14,"loc":{"start":{"line":14,"column":34},"end":{"line":14,"column":67}},"locations":[{"start":{"line":14,"column":34},"end":{"line":14,"column":67}}]},"68":{"type":"branch","line":14,"loc":{"start":{"line":14,"column":34},"end":{"line":14,"column":67}},"locations":[{"start":{"line":14,"column":34},"end":{"line":14,"column":67}}]},"69":{"type":"branch","line":14,"loc":{"start":{"line":14,"column":34},"end":{"line":14,"column":67}},"locations":[{"start":{"line":14,"column":34},"end":{"line":14,"column":67}}]},"70":{"type":"branch","line":14,"loc":{"start":{"line":14,"column":34},"end":{"line":14,"column":67}},"locations":[{"start":{"line":14,"column":34},"end":{"line":14,"column":67}}]},"71":{"type":"branch","line":14,"loc":{"start":{"line":14,"column":34},"end":{"line":14,"column":67}},"locations":[{"start":{"line":14,"column":34},"end":{"line":14,"column":67}}]},"72":{"type":"branch","line":14,"loc":{"start":{"line":14,"column":34},"end":{"line":14,"column":67}},"locations":[{"start":{"line":14,"column":34},"end":{"line":14,"column":67}}]},"73":{"type":"branch","line":14,"loc":{"start":{"line":14,"column":34},"end":{"line":14,"column":67}},"locations":[{"start":{"line":14,"column":34},"end":{"line":14,"column":67}}]},"74":{"type":"branch","line":14,"loc":{"start":{"line":14,"column":34},"end":{"line":14,"column":67}},"locations":[{"start":{"line":14,"column":34},"end":{"line":14,"column":67}}]},"75":{"type":"branch","line":14,"loc":{"start":{"line":14,"column":34},"end":{"line":14,"column":67}},"locations":[{"start":{"line":14,"column":34},"end":{"line":14,"column":67}}]},"76":{"type":"branch","line":14,"loc":{"start":{"line":14,"column":34},"end":{"line":14,"column":67}},"locations":[{"start":{"line":14,"column":34},"end":{"line":14,"column":67}}]},"77":{"type":"branch","line":14,"loc":{"start":{"line":14,"column":34},"end":{"line":14,"column":67}},"locations":[{"start":{"line":14,"column":34},"end":{"line":14,"column":67}}]},"78":{"type":"branch","line":14,"loc":{"start":{"line":14,"column":34},"end":{"line":14,"column":67}},"locations":[{"start":{"line":14,"column":34},"end":{"line":14,"column":67}}]},"79":{"type":"branch","line":14,"loc":{"start":{"line":14,"column":34},"end":{"line":14,"column":67}},"locations":[{"start":{"line":14,"column":34},"end":{"line":14,"column":67}}]},"80":{"type":"branch","line":14,"loc":{"start":{"line":14,"column":34},"end":{"line":14,"column":67}},"locations":[{"start":{"line":14,"column":34},"end":{"line":14,"column":67}}]},"81":{"type":"branch","line":14,"loc":{"start":{"line":14,"column":34},"end":{"line":14,"column":67}},"locations":[{"start":{"line":14,"column":34},"end":{"line":14,"column":67}}]},"82":{"type":"branch","line":14,"loc":{"start":{"line":14,"column":34},"end":{"line":14,"column":67}},"locations":[{"start":{"line":14,"column":34},"end":{"line":14,"column":67}}]},"83":{"type":"branch","line":14,"loc":{"start":{"line":14,"column":34},"end":{"line":14,"column":67}},"locations":[{"start":{"line":14,"column":34},"end":{"line":14,"column":67}}]},"84":{"type":"branch","line":14,"loc":{"start":{"line":14,"column":34},"end":{"line":14,"column":67}},"locations":[{"start":{"line":14,"column":34},"end":{"line":14,"column":67}}]},"85":{"type":"branch","line":14,"loc":{"start":{"line":14,"column":34},"end":{"line":14,"column":67}},"locations":[{"start":{"line":14,"column":34},"end":{"line":14,"column":67}}]},"86":{"type":"branch","line":14,"loc":{"start":{"line":14,"column":34},"end":{"line":14,"column":67}},"locations":[{"start":{"line":14,"column":34},"end":{"line":14,"column":67}}]},"87":{"type":"branch","line":14,"loc":{"start":{"line":14,"column":34},"end":{"line":14,"column":67}},"locations":[{"start":{"line":14,"column":34},"end":{"line":14,"column":67}}]},"88":{"type":"branch","line":14,"loc":{"start":{"line":14,"column":34},"end":{"line":14,"column":67}},"locations":[{"start":{"line":14,"column":34},"end":{"line":14,"column":67}}]},"89":{"type":"branch","line":14,"loc":{"start":{"line":14,"column":34},"end":{"line":14,"column":67}},"locations":[{"start":{"line":14,"column":34},"end":{"line":14,"column":67}}]},"90":{"type":"branch","line":14,"loc":{"start":{"line":14,"column":34},"end":{"line":14,"column":67}},"locations":[{"start":{"line":14,"column":34},"end":{"line":14,"column":67}}]},"91":{"type":"branch","line":14,"loc":{"start":{"line":14,"column":34},"end":{"line":14,"column":67}},"locations":[{"start":{"line":14,"column":34},"end":{"line":14,"column":67}}]},"92":{"type":"branch","line":14,"loc":{"start":{"line":14,"column":34},"end":{"line":14,"column":67}},"locations":[{"start":{"line":14,"column":34},"end":{"line":14,"column":67}}]},"93":{"type":"branch","line":14,"loc":{"start":{"line":14,"column":34},"end":{"line":14,"column":67}},"locations":[{"start":{"line":14,"column":34},"end":{"line":14,"column":67}}]},"94":{"type":"branch","line":14,"loc":{"start":{"line":14,"column":34},"end":{"line":14,"column":67}},"locations":[{"start":{"line":14,"column":34},"end":{"line":14,"column":67}}]},"95":{"type":"branch","line":14,"loc":{"start":{"line":14,"column":34},"end":{"line":14,"column":67}},"locations":[{"start":{"line":14,"column":34},"end":{"line":14,"column":67}}]},"96":{"type":"branch","line":14,"loc":{"start":{"line":14,"column":34},"end":{"line":14,"column":67}},"locations":[{"start":{"line":14,"column":34},"end":{"line":14,"column":67}}]},"97":{"type":"branch","line":14,"loc":{"start":{"line":14,"column":34},"end":{"line":14,"column":67}},"locations":[{"start":{"line":14,"column":34},"end":{"line":14,"column":67}}]},"98":{"type":"branch","line":14,"loc":{"start":{"line":14,"column":34},"end":{"line":14,"column":67}},"locations":[{"start":{"line":14,"column":34},"end":{"line":14,"column":67}}]},"99":{"type":"branch","line":14,"loc":{"start":{"line":14,"column":34},"end":{"line":14,"column":67}},"locations":[{"start":{"line":14,"column":34},"end":{"line":14,"column":67}}]},"100":{"type":"branch","line":14,"loc":{"start":{"line":14,"column":34},"end":{"line":14,"column":67}},"locations":[{"start":{"line":14,"column":34},"end":{"line":14,"column":67}}]},"101":{"type":"branch","line":14,"loc":{"start":{"line":14,"column":34},"end":{"line":14,"column":67}},"locations":[{"start":{"line":14,"column":34},"end":{"line":14,"column":67}}]},"102":{"type":"branch","line":14,"loc":{"start":{"line":14,"column":34},"end":{"line":14,"column":67}},"locations":[{"start":{"line":14,"column":34},"end":{"line":14,"column":67}}]},"103":{"type":"branch","line":14,"loc":{"start":{"line":14,"column":34},"end":{"line":14,"column":67}},"locations":[{"start":{"line":14,"column":34},"end":{"line":14,"column":67}}]},"104":{"type":"branch","line":14,"loc":{"start":{"line":14,"column":34},"end":{"line":14,"column":67}},"locations":[{"start":{"line":14,"column":34},"end":{"line":14,"column":67}}]},"105":{"type":"branch","line":14,"loc":{"start":{"line":14,"column":34},"end":{"line":14,"column":67}},"locations":[{"start":{"line":14,"column":34},"end":{"line":14,"column":67}}]},"106":{"type":"branch","line":14,"loc":{"start":{"line":14,"column":34},"end":{"line":14,"column":67}},"locations":[{"start":{"line":14,"column":34},"end":{"line":14,"column":67}}]},"107":{"type":"branch","line":14,"loc":{"start":{"line":14,"column":34},"end":{"line":14,"column":67}},"locations":[{"start":{"line":14,"column":34},"end":{"line":14,"column":67}}]},"108":{"type":"branch","line":14,"loc":{"start":{"line":14,"column":34},"end":{"line":14,"column":67}},"locations":[{"start":{"line":14,"column":34},"end":{"line":14,"column":67}}]},"109":{"type":"branch","line":14,"loc":{"start":{"line":14,"column":34},"end":{"line":14,"column":67}},"locations":[{"start":{"line":14,"column":34},"end":{"line":14,"column":67}}]},"110":{"type":"branch","line":14,"loc":{"start":{"line":14,"column":34},"end":{"line":14,"column":67}},"locations":[{"start":{"line":14,"column":34},"end":{"line":14,"column":67}}]},"111":{"type":"branch","line":14,"loc":{"start":{"line":14,"column":34},"end":{"line":14,"column":67}},"locations":[{"start":{"line":14,"column":34},"end":{"line":14,"column":67}}]},"112":{"type":"branch","line":14,"loc":{"start":{"line":14,"column":34},"end":{"line":14,"column":67}},"locations":[{"start":{"line":14,"column":34},"end":{"line":14,"column":67}}]},"113":{"type":"branch","line":14,"loc":{"start":{"line":14,"column":34},"end":{"line":14,"column":67}},"locations":[{"start":{"line":14,"column":34},"end":{"line":14,"column":67}}]},"114":{"type":"branch","line":14,"loc":{"start":{"line":14,"column":34},"end":{"line":14,"column":67}},"locations":[{"start":{"line":14,"column":34},"end":{"line":14,"column":67}}]},"115":{"type":"branch","line":14,"loc":{"start":{"line":14,"column":34},"end":{"line":14,"column":67}},"locations":[{"start":{"line":14,"column":34},"end":{"line":14,"column":67}}]},"116":{"type":"branch","line":14,"loc":{"start":{"line":14,"column":34},"end":{"line":14,"column":67}},"locations":[{"start":{"line":14,"column":34},"end":{"line":14,"column":67}}]},"117":{"type":"branch","line":14,"loc":{"start":{"line":14,"column":34},"end":{"line":14,"column":67}},"locations":[{"start":{"line":14,"column":34},"end":{"line":14,"column":67}}]},"118":{"type":"branch","line":14,"loc":{"start":{"line":14,"column":34},"end":{"line":14,"column":67}},"locations":[{"start":{"line":14,"column":34},"end":{"line":14,"column":67}}]},"119":{"type":"branch","line":14,"loc":{"start":{"line":14,"column":34},"end":{"line":14,"column":67}},"locations":[{"start":{"line":14,"column":34},"end":{"line":14,"column":67}}]},"120":{"type":"branch","line":14,"loc":{"start":{"line":14,"column":34},"end":{"line":14,"column":67}},"locations":[{"start":{"line":14,"column":34},"end":{"line":14,"column":67}}]},"121":{"type":"branch","line":14,"loc":{"start":{"line":14,"column":34},"end":{"line":14,"column":67}},"locations":[{"start":{"line":14,"column":34},"end":{"line":14,"column":67}}]},"122":{"type":"branch","line":14,"loc":{"start":{"line":14,"column":34},"end":{"line":14,"column":67}},"locations":[{"start":{"line":14,"column":34},"end":{"line":14,"column":67}}]},"123":{"type":"branch","line":14,"loc":{"start":{"line":14,"column":34},"end":{"line":14,"column":67}},"locations":[{"start":{"line":14,"column":34},"end":{"line":14,"column":67}}]},"124":{"type":"branch","line":14,"loc":{"start":{"line":14,"column":34},"end":{"line":14,"column":67}},"locations":[{"start":{"line":14,"column":34},"end":{"line":14,"column":67}}]},"125":{"type":"branch","line":14,"loc":{"start":{"line":14,"column":34},"end":{"line":14,"column":67}},"locations":[{"start":{"line":14,"column":34},"end":{"line":14,"column":67}}]},"126":{"type":"branch","line":14,"loc":{"start":{"line":14,"column":34},"end":{"line":14,"column":67}},"locations":[{"start":{"line":14,"column":34},"end":{"line":14,"column":67}}]},"127":{"type":"branch","line":14,"loc":{"start":{"line":14,"column":34},"end":{"line":14,"column":67}},"locations":[{"start":{"line":14,"column":34},"end":{"line":14,"column":67}}]},"128":{"type":"branch","line":14,"loc":{"start":{"line":14,"column":34},"end":{"line":14,"column":67}},"locations":[{"start":{"line":14,"column":34},"end":{"line":14,"column":67}}]},"129":{"type":"branch","line":14,"loc":{"start":{"line":14,"column":34},"end":{"line":14,"column":67}},"locations":[{"start":{"line":14,"column":34},"end":{"line":14,"column":67}}]},"130":{"type":"branch","line":14,"loc":{"start":{"line":14,"column":34},"end":{"line":14,"column":67}},"locations":[{"start":{"line":14,"column":34},"end":{"line":14,"column":67}}]},"131":{"type":"branch","line":14,"loc":{"start":{"line":14,"column":34},"end":{"line":14,"column":67}},"locations":[{"start":{"line":14,"column":34},"end":{"line":14,"column":67}}]},"132":{"type":"branch","line":14,"loc":{"start":{"line":14,"column":34},"end":{"line":14,"column":67}},"locations":[{"start":{"line":14,"column":34},"end":{"line":14,"column":67}}]},"133":{"type":"branch","line":14,"loc":{"start":{"line":14,"column":34},"end":{"line":14,"column":67}},"locations":[{"start":{"line":14,"column":34},"end":{"line":14,"column":67}}]},"134":{"type":"branch","line":14,"loc":{"start":{"line":14,"column":34},"end":{"line":14,"column":67}},"locations":[{"start":{"line":14,"column":34},"end":{"line":14,"column":67}}]},"135":{"type":"branch","line":14,"loc":{"start":{"line":14,"column":34},"end":{"line":14,"column":67}},"locations":[{"start":{"line":14,"column":34},"end":{"line":14,"column":67}}]},"136":{"type":"branch","line":14,"loc":{"start":{"line":14,"column":34},"end":{"line":14,"column":67}},"locations":[{"start":{"line":14,"column":34},"end":{"line":14,"column":67}}]},"137":{"type":"branch","line":14,"loc":{"start":{"line":14,"column":34},"end":{"line":14,"column":67}},"locations":[{"start":{"line":14,"column":34},"end":{"line":14,"column":67}}]},"138":{"type":"branch","line":14,"loc":{"start":{"line":14,"column":34},"end":{"line":14,"column":67}},"locations":[{"start":{"line":14,"column":34},"end":{"line":14,"column":67}}]},"139":{"type":"branch","line":14,"loc":{"start":{"line":14,"column":34},"end":{"line":14,"column":67}},"locations":[{"start":{"line":14,"column":34},"end":{"line":14,"column":67}}]},"140":{"type":"branch","line":14,"loc":{"start":{"line":14,"column":34},"end":{"line":14,"column":67}},"locations":[{"start":{"line":14,"column":34},"end":{"line":14,"column":67}}]},"141":{"type":"branch","line":14,"loc":{"start":{"line":14,"column":34},"end":{"line":14,"column":67}},"locations":[{"start":{"line":14,"column":34},"end":{"line":14,"column":67}}]},"142":{"type":"branch","line":14,"loc":{"start":{"line":14,"column":34},"end":{"line":14,"column":67}},"locations":[{"start":{"line":14,"column":34},"end":{"line":14,"column":67}}]},"143":{"type":"branch","line":14,"loc":{"start":{"line":14,"column":34},"end":{"line":14,"column":67}},"locations":[{"start":{"line":14,"column":34},"end":{"line":14,"column":67}}]},"144":{"type":"branch","line":14,"loc":{"start":{"line":14,"column":34},"end":{"line":14,"column":67}},"locations":[{"start":{"line":14,"column":34},"end":{"line":14,"column":67}}]},"145":{"type":"branch","line":14,"loc":{"start":{"line":14,"column":34},"end":{"line":14,"column":67}},"locations":[{"start":{"line":14,"column":34},"end":{"line":14,"column":67}}]},"146":{"type":"branch","line":14,"loc":{"start":{"line":14,"column":34},"end":{"line":14,"column":67}},"locations":[{"start":{"line":14,"column":34},"end":{"line":14,"column":67}}]},"147":{"type":"branch","line":14,"loc":{"start":{"line":14,"column":34},"end":{"line":14,"column":67}},"locations":[{"start":{"line":14,"column":34},"end":{"line":14,"column":67}}]},"148":{"type":"branch","line":14,"loc":{"start":{"line":14,"column":34},"end":{"line":14,"column":67}},"locations":[{"start":{"line":14,"column":34},"end":{"line":14,"column":67}}]},"149":{"type":"branch","line":14,"loc":{"start":{"line":14,"column":34},"end":{"line":14,"column":67}},"locations":[{"start":{"line":14,"column":34},"end":{"line":14,"column":67}}]},"150":{"type":"branch","line":14,"loc":{"start":{"line":14,"column":34},"end":{"line":14,"column":67}},"locations":[{"start":{"line":14,"column":34},"end":{"line":14,"column":67}}]},"151":{"type":"branch","line":14,"loc":{"start":{"line":14,"column":34},"end":{"line":14,"column":67}},"locations":[{"start":{"line":14,"column":34},"end":{"line":14,"column":67}}]},"152":{"type":"branch","line":14,"loc":{"start":{"line":14,"column":34},"end":{"line":14,"column":67}},"locations":[{"start":{"line":14,"column":34},"end":{"line":14,"column":67}}]},"153":{"type":"branch","line":14,"loc":{"start":{"line":14,"column":34},"end":{"line":14,"column":67}},"locations":[{"start":{"line":14,"column":34},"end":{"line":14,"column":67}}]},"154":{"type":"branch","line":14,"loc":{"start":{"line":14,"column":34},"end":{"line":14,"column":67}},"locations":[{"start":{"line":14,"column":34},"end":{"line":14,"column":67}}]},"155":{"type":"branch","line":14,"loc":{"start":{"line":14,"column":34},"end":{"line":14,"column":67}},"locations":[{"start":{"line":14,"column":34},"end":{"line":14,"column":67}}]},"156":{"type":"branch","line":14,"loc":{"start":{"line":14,"column":34},"end":{"line":14,"column":67}},"locations":[{"start":{"line":14,"column":34},"end":{"line":14,"column":67}}]},"157":{"type":"branch","line":14,"loc":{"start":{"line":14,"column":34},"end":{"line":14,"column":67}},"locations":[{"start":{"line":14,"column":34},"end":{"line":14,"column":67}}]},"158":{"type":"branch","line":14,"loc":{"start":{"line":14,"column":34},"end":{"line":14,"column":67}},"locations":[{"start":{"line":14,"column":34},"end":{"line":14,"column":67}}]},"159":{"type":"branch","line":14,"loc":{"start":{"line":14,"column":34},"end":{"line":14,"column":67}},"locations":[{"start":{"line":14,"column":34},"end":{"line":14,"column":67}}]},"160":{"type":"branch","line":14,"loc":{"start":{"line":14,"column":34},"end":{"line":14,"column":67}},"locations":[{"start":{"line":14,"column":34},"end":{"line":14,"column":67}}]},"161":{"type":"branch","line":14,"loc":{"start":{"line":14,"column":34},"end":{"line":14,"column":67}},"locations":[{"start":{"line":14,"column":34},"end":{"line":14,"column":67}}]},"162":{"type":"branch","line":14,"loc":{"start":{"line":14,"column":34},"end":{"line":14,"column":67}},"locations":[{"start":{"line":14,"column":34},"end":{"line":14,"column":67}}]},"163":{"type":"branch","line":14,"loc":{"start":{"line":14,"column":34},"end":{"line":14,"column":67}},"locations":[{"start":{"line":14,"column":34},"end":{"line":14,"column":67}}]},"164":{"type":"branch","line":14,"loc":{"start":{"line":14,"column":34},"end":{"line":14,"column":67}},"locations":[{"start":{"line":14,"column":34},"end":{"line":14,"column":67}}]},"165":{"type":"branch","line":14,"loc":{"start":{"line":14,"column":34},"end":{"line":14,"column":67}},"locations":[{"start":{"line":14,"column":34},"end":{"line":14,"column":67}}]},"166":{"type":"branch","line":14,"loc":{"start":{"line":14,"column":34},"end":{"line":14,"column":67}},"locations":[{"start":{"line":14,"column":34},"end":{"line":14,"column":67}}]},"167":{"type":"branch","line":14,"loc":{"start":{"line":14,"column":34},"end":{"line":14,"column":67}},"locations":[{"start":{"line":14,"column":34},"end":{"line":14,"column":67}}]},"168":{"type":"branch","line":14,"loc":{"start":{"line":14,"column":34},"end":{"line":14,"column":67}},"locations":[{"start":{"line":14,"column":34},"end":{"line":14,"column":67}}]},"169":{"type":"branch","line":14,"loc":{"start":{"line":14,"column":34},"end":{"line":14,"column":67}},"locations":[{"start":{"line":14,"column":34},"end":{"line":14,"column":67}}]},"170":{"type":"branch","line":14,"loc":{"start":{"line":14,"column":34},"end":{"line":14,"column":67}},"locations":[{"start":{"line":14,"column":34},"end":{"line":14,"column":67}}]},"171":{"type":"branch","line":14,"loc":{"start":{"line":14,"column":34},"end":{"line":14,"column":67}},"locations":[{"start":{"line":14,"column":34},"end":{"line":14,"column":67}}]},"172":{"type":"branch","line":14,"loc":{"start":{"line":14,"column":34},"end":{"line":14,"column":67}},"locations":[{"start":{"line":14,"column":34},"end":{"line":14,"column":67}}]},"173":{"type":"branch","line":14,"loc":{"start":{"line":14,"column":34},"end":{"line":14,"column":67}},"locations":[{"start":{"line":14,"column":34},"end":{"line":14,"column":67}}]},"174":{"type":"branch","line":14,"loc":{"start":{"line":14,"column":34},"end":{"line":14,"column":67}},"locations":[{"start":{"line":14,"column":34},"end":{"line":14,"column":67}}]},"175":{"type":"branch","line":14,"loc":{"start":{"line":14,"column":34},"end":{"line":14,"column":67}},"locations":[{"start":{"line":14,"column":34},"end":{"line":14,"column":67}}]},"176":{"type":"branch","line":14,"loc":{"start":{"line":14,"column":34},"end":{"line":14,"column":67}},"locations":[{"start":{"line":14,"column":34},"end":{"line":14,"column":67}}]},"177":{"type":"branch","line":14,"loc":{"start":{"line":14,"column":34},"end":{"line":14,"column":67}},"locations":[{"start":{"line":14,"column":34},"end":{"line":14,"column":67}}]},"178":{"type":"branch","line":14,"loc":{"start":{"line":14,"column":34},"end":{"line":14,"column":67}},"locations":[{"start":{"line":14,"column":34},"end":{"line":14,"column":67}}]},"179":{"type":"branch","line":14,"loc":{"start":{"line":14,"column":34},"end":{"line":14,"column":67}},"locations":[{"start":{"line":14,"column":34},"end":{"line":14,"column":67}}]},"180":{"type":"branch","line":14,"loc":{"start":{"line":14,"column":34},"end":{"line":14,"column":67}},"locations":[{"start":{"line":14,"column":34},"end":{"line":14,"column":67}}]},"181":{"type":"branch","line":14,"loc":{"start":{"line":14,"column":34},"end":{"line":14,"column":67}},"locations":[{"start":{"line":14,"column":34},"end":{"line":14,"column":67}}]},"182":{"type":"branch","line":14,"loc":{"start":{"line":14,"column":34},"end":{"line":14,"column":67}},"locations":[{"start":{"line":14,"column":34},"end":{"line":14,"column":67}}]},"183":{"type":"branch","line":14,"loc":{"start":{"line":14,"column":34},"end":{"line":14,"column":67}},"locations":[{"start":{"line":14,"column":34},"end":{"line":14,"column":67}}]},"184":{"type":"branch","line":14,"loc":{"start":{"line":14,"column":34},"end":{"line":14,"column":67}},"locations":[{"start":{"line":14,"column":34},"end":{"line":14,"column":67}}]},"185":{"type":"branch","line":14,"loc":{"start":{"line":14,"column":34},"end":{"line":14,"column":67}},"locations":[{"start":{"line":14,"column":34},"end":{"line":14,"column":67}}]},"186":{"type":"branch","line":14,"loc":{"start":{"line":14,"column":34},"end":{"line":14,"column":67}},"locations":[{"start":{"line":14,"column":34},"end":{"line":14,"column":67}}]},"187":{"type":"branch","line":14,"loc":{"start":{"line":14,"column":34},"end":{"line":14,"column":67}},"locations":[{"start":{"line":14,"column":34},"end":{"line":14,"column":67}}]},"188":{"type":"branch","line":14,"loc":{"start":{"line":14,"column":34},"end":{"line":14,"column":67}},"locations":[{"start":{"line":14,"column":34},"end":{"line":14,"column":67}}]},"189":{"type":"branch","line":14,"loc":{"start":{"line":14,"column":34},"end":{"line":14,"column":67}},"locations":[{"start":{"line":14,"column":34},"end":{"line":14,"column":67}}]},"190":{"type":"branch","line":14,"loc":{"start":{"line":14,"column":34},"end":{"line":14,"column":67}},"locations":[{"start":{"line":14,"column":34},"end":{"line":14,"column":67}}]},"191":{"type":"branch","line":14,"loc":{"start":{"line":14,"column":34},"end":{"line":14,"column":67}},"locations":[{"start":{"line":14,"column":34},"end":{"line":14,"column":67}}]},"192":{"type":"branch","line":14,"loc":{"start":{"line":14,"column":34},"end":{"line":14,"column":67}},"locations":[{"start":{"line":14,"column":34},"end":{"line":14,"column":67}}]},"193":{"type":"branch","line":14,"loc":{"start":{"line":14,"column":34},"end":{"line":14,"column":67}},"locations":[{"start":{"line":14,"column":34},"end":{"line":14,"column":67}}]},"194":{"type":"branch","line":14,"loc":{"start":{"line":14,"column":34},"end":{"line":14,"column":67}},"locations":[{"start":{"line":14,"column":34},"end":{"line":14,"column":67}}]},"195":{"type":"branch","line":14,"loc":{"start":{"line":14,"column":34},"end":{"line":14,"column":67}},"locations":[{"start":{"line":14,"column":34},"end":{"line":14,"column":67}}]},"196":{"type":"branch","line":14,"loc":{"start":{"line":14,"column":34},"end":{"line":14,"column":67}},"locations":[{"start":{"line":14,"column":34},"end":{"line":14,"column":67}}]},"197":{"type":"branch","line":14,"loc":{"start":{"line":14,"column":34},"end":{"line":14,"column":67}},"locations":[{"start":{"line":14,"column":34},"end":{"line":14,"column":67}}]},"198":{"type":"branch","line":14,"loc":{"start":{"line":14,"column":34},"end":{"line":14,"column":67}},"locations":[{"start":{"line":14,"column":34},"end":{"line":14,"column":67}}]},"199":{"type":"branch","line":14,"loc":{"start":{"line":14,"column":34},"end":{"line":14,"column":67}},"locations":[{"start":{"line":14,"column":34},"end":{"line":14,"column":67}}]},"200":{"type":"branch","line":14,"loc":{"start":{"line":14,"column":34},"end":{"line":14,"column":67}},"locations":[{"start":{"line":14,"column":34},"end":{"line":14,"column":67}}]},"201":{"type":"branch","line":14,"loc":{"start":{"line":14,"column":34},"end":{"line":14,"column":67}},"locations":[{"start":{"line":14,"column":34},"end":{"line":14,"column":67}}]},"202":{"type":"branch","line":14,"loc":{"start":{"line":14,"column":34},"end":{"line":14,"column":67}},"locations":[{"start":{"line":14,"column":34},"end":{"line":14,"column":67}}]},"203":{"type":"branch","line":14,"loc":{"start":{"line":14,"column":34},"end":{"line":14,"column":67}},"locations":[{"start":{"line":14,"column":34},"end":{"line":14,"column":67}}]},"204":{"type":"branch","line":14,"loc":{"start":{"line":14,"column":34},"end":{"line":14,"column":67}},"locations":[{"start":{"line":14,"column":34},"end":{"line":14,"column":67}}]},"205":{"type":"branch","line":14,"loc":{"start":{"line":14,"column":34},"end":{"line":14,"column":67}},"locations":[{"start":{"line":14,"column":34},"end":{"line":14,"column":67}}]},"206":{"type":"branch","line":14,"loc":{"start":{"line":14,"column":34},"end":{"line":14,"column":67}},"locations":[{"start":{"line":14,"column":34},"end":{"line":14,"column":67}}]},"207":{"type":"branch","line":14,"loc":{"start":{"line":14,"column":34},"end":{"line":14,"column":67}},"locations":[{"start":{"line":14,"column":34},"end":{"line":14,"column":67}}]},"208":{"type":"branch","line":14,"loc":{"start":{"line":14,"column":34},"end":{"line":14,"column":67}},"locations":[{"start":{"line":14,"column":34},"end":{"line":14,"column":67}}]},"209":{"type":"branch","line":14,"loc":{"start":{"line":14,"column":34},"end":{"line":14,"column":67}},"locations":[{"start":{"line":14,"column":34},"end":{"line":14,"column":67}}]},"210":{"type":"branch","line":14,"loc":{"start":{"line":14,"column":34},"end":{"line":14,"column":67}},"locations":[{"start":{"line":14,"column":34},"end":{"line":14,"column":67}}]},"211":{"type":"branch","line":14,"loc":{"start":{"line":14,"column":34},"end":{"line":14,"column":67}},"locations":[{"start":{"line":14,"column":34},"end":{"line":14,"column":67}}]},"212":{"type":"branch","line":14,"loc":{"start":{"line":14,"column":34},"end":{"line":14,"column":67}},"locations":[{"start":{"line":14,"column":34},"end":{"line":14,"column":67}}]},"213":{"type":"branch","line":14,"loc":{"start":{"line":14,"column":34},"end":{"line":14,"column":67}},"locations":[{"start":{"line":14,"column":34},"end":{"line":14,"column":67}}]},"214":{"type":"branch","line":14,"loc":{"start":{"line":14,"column":34},"end":{"line":14,"column":67}},"locations":[{"start":{"line":14,"column":34},"end":{"line":14,"column":67}}]},"215":{"type":"branch","line":14,"loc":{"start":{"line":14,"column":34},"end":{"line":14,"column":67}},"locations":[{"start":{"line":14,"column":34},"end":{"line":14,"column":67}}]},"216":{"type":"branch","line":14,"loc":{"start":{"line":14,"column":34},"end":{"line":14,"column":67}},"locations":[{"start":{"line":14,"column":34},"end":{"line":14,"column":67}}]},"217":{"type":"branch","line":14,"loc":{"start":{"line":14,"column":34},"end":{"line":14,"column":67}},"locations":[{"start":{"line":14,"column":34},"end":{"line":14,"column":67}}]},"218":{"type":"branch","line":14,"loc":{"start":{"line":14,"column":34},"end":{"line":14,"column":67}},"locations":[{"start":{"line":14,"column":34},"end":{"line":14,"column":67}}]},"219":{"type":"branch","line":14,"loc":{"start":{"line":14,"column":34},"end":{"line":14,"column":67}},"locations":[{"start":{"line":14,"column":34},"end":{"line":14,"column":67}}]},"220":{"type":"branch","line":14,"loc":{"start":{"line":14,"column":34},"end":{"line":14,"column":67}},"locations":[{"start":{"line":14,"column":34},"end":{"line":14,"column":67}}]},"221":{"type":"branch","line":14,"loc":{"start":{"line":14,"column":34},"end":{"line":14,"column":67}},"locations":[{"start":{"line":14,"column":34},"end":{"line":14,"column":67}}]},"222":{"type":"branch","line":14,"loc":{"start":{"line":14,"column":34},"end":{"line":14,"column":67}},"locations":[{"start":{"line":14,"column":34},"end":{"line":14,"column":67}}]},"223":{"type":"branch","line":14,"loc":{"start":{"line":14,"column":34},"end":{"line":14,"column":67}},"locations":[{"start":{"line":14,"column":34},"end":{"line":14,"column":67}}]},"224":{"type":"branch","line":14,"loc":{"start":{"line":14,"column":34},"end":{"line":14,"column":67}},"locations":[{"start":{"line":14,"column":34},"end":{"line":14,"column":67}}]},"225":{"type":"branch","line":14,"loc":{"start":{"line":14,"column":34},"end":{"line":14,"column":67}},"locations":[{"start":{"line":14,"column":34},"end":{"line":14,"column":67}}]},"226":{"type":"branch","line":14,"loc":{"start":{"line":14,"column":34},"end":{"line":14,"column":67}},"locations":[{"start":{"line":14,"column":34},"end":{"line":14,"column":67}}]},"227":{"type":"branch","line":14,"loc":{"start":{"line":14,"column":34},"end":{"line":14,"column":67}},"locations":[{"start":{"line":14,"column":34},"end":{"line":14,"column":67}}]},"228":{"type":"branch","line":14,"loc":{"start":{"line":14,"column":34},"end":{"line":14,"column":67}},"locations":[{"start":{"line":14,"column":34},"end":{"line":14,"column":67}}]},"229":{"type":"branch","line":14,"loc":{"start":{"line":14,"column":34},"end":{"line":14,"column":67}},"locations":[{"start":{"line":14,"column":34},"end":{"line":14,"column":67}}]},"230":{"type":"branch","line":14,"loc":{"start":{"line":14,"column":34},"end":{"line":14,"column":67}},"locations":[{"start":{"line":14,"column":34},"end":{"line":14,"column":67}}]},"231":{"type":"branch","line":14,"loc":{"start":{"line":14,"column":34},"end":{"line":14,"column":67}},"locations":[{"start":{"line":14,"column":34},"end":{"line":14,"column":67}}]},"232":{"type":"branch","line":14,"loc":{"start":{"line":14,"column":34},"end":{"line":14,"column":67}},"locations":[{"start":{"line":14,"column":34},"end":{"line":14,"column":67}}]},"233":{"type":"branch","line":14,"loc":{"start":{"line":14,"column":34},"end":{"line":14,"column":67}},"locations":[{"start":{"line":14,"column":34},"end":{"line":14,"column":67}}]},"234":{"type":"branch","line":14,"loc":{"start":{"line":14,"column":34},"end":{"line":14,"column":67}},"locations":[{"start":{"line":14,"column":34},"end":{"line":14,"column":67}}]},"235":{"type":"branch","line":14,"loc":{"start":{"line":14,"column":34},"end":{"line":14,"column":67}},"locations":[{"start":{"line":14,"column":34},"end":{"line":14,"column":67}}]},"236":{"type":"branch","line":14,"loc":{"start":{"line":14,"column":34},"end":{"line":14,"column":67}},"locations":[{"start":{"line":14,"column":34},"end":{"line":14,"column":67}}]},"237":{"type":"branch","line":14,"loc":{"start":{"line":14,"column":34},"end":{"line":14,"column":67}},"locations":[{"start":{"line":14,"column":34},"end":{"line":14,"column":67}}]},"238":{"type":"branch","line":14,"loc":{"start":{"line":14,"column":34},"end":{"line":14,"column":67}},"locations":[{"start":{"line":14,"column":34},"end":{"line":14,"column":67}}]},"239":{"type":"branch","line":14,"loc":{"start":{"line":14,"column":34},"end":{"line":14,"column":67}},"locations":[{"start":{"line":14,"column":34},"end":{"line":14,"column":67}}]},"240":{"type":"branch","line":14,"loc":{"start":{"line":14,"column":34},"end":{"line":14,"column":67}},"locations":[{"start":{"line":14,"column":34},"end":{"line":14,"column":67}}]},"241":{"type":"branch","line":14,"loc":{"start":{"line":14,"column":34},"end":{"line":14,"column":67}},"locations":[{"start":{"line":14,"column":34},"end":{"line":14,"column":67}}]},"242":{"type":"branch","line":14,"loc":{"start":{"line":14,"column":34},"end":{"line":14,"column":67}},"locations":[{"start":{"line":14,"column":34},"end":{"line":14,"column":67}}]},"243":{"type":"branch","line":14,"loc":{"start":{"line":14,"column":34},"end":{"line":14,"column":67}},"locations":[{"start":{"line":14,"column":34},"end":{"line":14,"column":67}}]},"244":{"type":"branch","line":14,"loc":{"start":{"line":14,"column":34},"end":{"line":14,"column":67}},"locations":[{"start":{"line":14,"column":34},"end":{"line":14,"column":67}}]},"245":{"type":"branch","line":14,"loc":{"start":{"line":14,"column":34},"end":{"line":14,"column":67}},"locations":[{"start":{"line":14,"column":34},"end":{"line":14,"column":67}}]},"246":{"type":"branch","line":14,"loc":{"start":{"line":14,"column":34},"end":{"line":14,"column":67}},"locations":[{"start":{"line":14,"column":34},"end":{"line":14,"column":67}}]},"247":{"type":"branch","line":14,"loc":{"start":{"line":14,"column":34},"end":{"line":14,"column":67}},"locations":[{"start":{"line":14,"column":34},"end":{"line":14,"column":67}}]},"248":{"type":"branch","line":14,"loc":{"start":{"line":14,"column":34},"end":{"line":14,"column":67}},"locations":[{"start":{"line":14,"column":34},"end":{"line":14,"column":67}}]},"249":{"type":"branch","line":14,"loc":{"start":{"line":14,"column":34},"end":{"line":14,"column":67}},"locations":[{"start":{"line":14,"column":34},"end":{"line":14,"column":67}}]},"250":{"type":"branch","line":14,"loc":{"start":{"line":14,"column":34},"end":{"line":14,"column":67}},"locations":[{"start":{"line":14,"column":34},"end":{"line":14,"column":67}}]},"251":{"type":"branch","line":14,"loc":{"start":{"line":14,"column":34},"end":{"line":14,"column":67}},"locations":[{"start":{"line":14,"column":34},"end":{"line":14,"column":67}}]},"252":{"type":"branch","line":14,"loc":{"start":{"line":14,"column":34},"end":{"line":14,"column":67}},"locations":[{"start":{"line":14,"column":34},"end":{"line":14,"column":67}}]},"253":{"type":"branch","line":14,"loc":{"start":{"line":14,"column":34},"end":{"line":14,"column":67}},"locations":[{"start":{"line":14,"column":34},"end":{"line":14,"column":67}}]},"254":{"type":"branch","line":14,"loc":{"start":{"line":14,"column":34},"end":{"line":14,"column":67}},"locations":[{"start":{"line":14,"column":34},"end":{"line":14,"column":67}}]},"255":{"type":"branch","line":14,"loc":{"start":{"line":14,"column":34},"end":{"line":14,"column":67}},"locations":[{"start":{"line":14,"column":34},"end":{"line":14,"column":67}}]},"256":{"type":"branch","line":14,"loc":{"start":{"line":14,"column":34},"end":{"line":14,"column":67}},"locations":[{"start":{"line":14,"column":34},"end":{"line":14,"column":67}}]},"257":{"type":"branch","line":14,"loc":{"start":{"line":14,"column":34},"end":{"line":14,"column":67}},"locations":[{"start":{"line":14,"column":34},"end":{"line":14,"column":67}}]},"258":{"type":"branch","line":14,"loc":{"start":{"line":14,"column":34},"end":{"line":14,"column":67}},"locations":[{"start":{"line":14,"column":34},"end":{"line":14,"column":67}}]},"259":{"type":"branch","line":14,"loc":{"start":{"line":14,"column":34},"end":{"line":14,"column":67}},"locations":[{"start":{"line":14,"column":34},"end":{"line":14,"column":67}}]},"260":{"type":"branch","line":14,"loc":{"start":{"line":14,"column":34},"end":{"line":14,"column":67}},"locations":[{"start":{"line":14,"column":34},"end":{"line":14,"column":67}}]},"261":{"type":"branch","line":14,"loc":{"start":{"line":14,"column":34},"end":{"line":14,"column":67}},"locations":[{"start":{"line":14,"column":34},"end":{"line":14,"column":67}}]},"262":{"type":"branch","line":14,"loc":{"start":{"line":14,"column":34},"end":{"line":14,"column":67}},"locations":[{"start":{"line":14,"column":34},"end":{"line":14,"column":67}}]},"263":{"type":"branch","line":14,"loc":{"start":{"line":14,"column":34},"end":{"line":14,"column":67}},"locations":[{"start":{"line":14,"column":34},"end":{"line":14,"column":67}}]},"264":{"type":"branch","line":14,"loc":{"start":{"line":14,"column":34},"end":{"line":14,"column":67}},"locations":[{"start":{"line":14,"column":34},"end":{"line":14,"column":67}}]},"265":{"type":"branch","line":14,"loc":{"start":{"line":14,"column":34},"end":{"line":14,"column":67}},"locations":[{"start":{"line":14,"column":34},"end":{"line":14,"column":67}}]},"266":{"type":"branch","line":14,"loc":{"start":{"line":14,"column":34},"end":{"line":14,"column":67}},"locations":[{"start":{"line":14,"column":34},"end":{"line":14,"column":67}}]},"267":{"type":"branch","line":14,"loc":{"start":{"line":14,"column":34},"end":{"line":14,"column":67}},"locations":[{"start":{"line":14,"column":34},"end":{"line":14,"column":67}}]},"268":{"type":"branch","line":14,"loc":{"start":{"line":14,"column":34},"end":{"line":14,"column":67}},"locations":[{"start":{"line":14,"column":34},"end":{"line":14,"column":67}}]},"269":{"type":"branch","line":14,"loc":{"start":{"line":14,"column":34},"end":{"line":14,"column":67}},"locations":[{"start":{"line":14,"column":34},"end":{"line":14,"column":67}}]},"270":{"type":"branch","line":14,"loc":{"start":{"line":14,"column":34},"end":{"line":14,"column":67}},"locations":[{"start":{"line":14,"column":34},"end":{"line":14,"column":67}}]},"271":{"type":"branch","line":14,"loc":{"start":{"line":14,"column":34},"end":{"line":14,"column":67}},"locations":[{"start":{"line":14,"column":34},"end":{"line":14,"column":67}}]},"272":{"type":"branch","line":14,"loc":{"start":{"line":14,"column":34},"end":{"line":14,"column":67}},"locations":[{"start":{"line":14,"column":34},"end":{"line":14,"column":67}}]},"273":{"type":"branch","line":14,"loc":{"start":{"line":14,"column":34},"end":{"line":14,"column":67}},"locations":[{"start":{"line":14,"column":34},"end":{"line":14,"column":67}}]},"274":{"type":"branch","line":14,"loc":{"start":{"line":14,"column":34},"end":{"line":14,"column":67}},"locations":[{"start":{"line":14,"column":34},"end":{"line":14,"column":67}}]},"275":{"type":"branch","line":14,"loc":{"start":{"line":14,"column":34},"end":{"line":14,"column":67}},"locations":[{"start":{"line":14,"column":34},"end":{"line":14,"column":67}}]},"276":{"type":"branch","line":14,"loc":{"start":{"line":14,"column":34},"end":{"line":14,"column":67}},"locations":[{"start":{"line":14,"column":34},"end":{"line":14,"column":67}}]},"277":{"type":"branch","line":14,"loc":{"start":{"line":14,"column":34},"end":{"line":14,"column":67}},"locations":[{"start":{"line":14,"column":34},"end":{"line":14,"column":67}}]},"278":{"type":"branch","line":14,"loc":{"start":{"line":14,"column":34},"end":{"line":14,"column":67}},"locations":[{"start":{"line":14,"column":34},"end":{"line":14,"column":67}}]},"279":{"type":"branch","line":14,"loc":{"start":{"line":14,"column":34},"end":{"line":14,"column":67}},"locations":[{"start":{"line":14,"column":34},"end":{"line":14,"column":67}}]},"280":{"type":"branch","line":14,"loc":{"start":{"line":14,"column":34},"end":{"line":14,"column":67}},"locations":[{"start":{"line":14,"column":34},"end":{"line":14,"column":67}}]},"281":{"type":"branch","line":14,"loc":{"start":{"line":14,"column":34},"end":{"line":14,"column":67}},"locations":[{"start":{"line":14,"column":34},"end":{"line":14,"column":67}}]},"282":{"type":"branch","line":14,"loc":{"start":{"line":14,"column":34},"end":{"line":14,"column":67}},"locations":[{"start":{"line":14,"column":34},"end":{"line":14,"column":67}}]},"283":{"type":"branch","line":14,"loc":{"start":{"line":14,"column":34},"end":{"line":14,"column":67}},"locations":[{"start":{"line":14,"column":34},"end":{"line":14,"column":67}}]},"284":{"type":"branch","line":14,"loc":{"start":{"line":14,"column":34},"end":{"line":14,"column":67}},"locations":[{"start":{"line":14,"column":34},"end":{"line":14,"column":67}}]},"285":{"type":"branch","line":14,"loc":{"start":{"line":14,"column":34},"end":{"line":14,"column":67}},"locations":[{"start":{"line":14,"column":34},"end":{"line":14,"column":67}}]},"286":{"type":"branch","line":14,"loc":{"start":{"line":14,"column":34},"end":{"line":14,"column":67}},"locations":[{"start":{"line":14,"column":34},"end":{"line":14,"column":67}}]},"287":{"type":"branch","line":14,"loc":{"start":{"line":14,"column":34},"end":{"line":14,"column":67}},"locations":[{"start":{"line":14,"column":34},"end":{"line":14,"column":67}}]},"288":{"type":"branch","line":14,"loc":{"start":{"line":14,"column":34},"end":{"line":14,"column":67}},"locations":[{"start":{"line":14,"column":34},"end":{"line":14,"column":67}}]},"289":{"type":"branch","line":14,"loc":{"start":{"line":14,"column":34},"end":{"line":14,"column":67}},"locations":[{"start":{"line":14,"column":34},"end":{"line":14,"column":67}}]},"290":{"type":"branch","line":14,"loc":{"start":{"line":14,"column":34},"end":{"line":14,"column":67}},"locations":[{"start":{"line":14,"column":34},"end":{"line":14,"column":67}}]},"291":{"type":"branch","line":14,"loc":{"start":{"line":14,"column":34},"end":{"line":14,"column":67}},"locations":[{"start":{"line":14,"column":34},"end":{"line":14,"column":67}}]},"292":{"type":"branch","line":14,"loc":{"start":{"line":14,"column":34},"end":{"line":14,"column":67}},"locations":[{"start":{"line":14,"column":34},"end":{"line":14,"column":67}}]},"293":{"type":"branch","line":14,"loc":{"start":{"line":14,"column":34},"end":{"line":14,"column":67}},"locations":[{"start":{"line":14,"column":34},"end":{"line":14,"column":67}}]},"294":{"type":"branch","line":14,"loc":{"start":{"line":14,"column":34},"end":{"line":14,"column":67}},"locations":[{"start":{"line":14,"column":34},"end":{"line":14,"column":67}}]},"295":{"type":"branch","line":14,"loc":{"start":{"line":14,"column":34},"end":{"line":14,"column":67}},"locations":[{"start":{"line":14,"column":34},"end":{"line":14,"column":67}}]},"296":{"type":"branch","line":14,"loc":{"start":{"line":14,"column":34},"end":{"line":14,"column":67}},"locations":[{"start":{"line":14,"column":34},"end":{"line":14,"column":67}}]},"297":{"type":"branch","line":14,"loc":{"start":{"line":14,"column":34},"end":{"line":14,"column":67}},"locations":[{"start":{"line":14,"column":34},"end":{"line":14,"column":67}}]},"298":{"type":"branch","line":14,"loc":{"start":{"line":14,"column":34},"end":{"line":14,"column":67}},"locations":[{"start":{"line":14,"column":34},"end":{"line":14,"column":67}}]},"299":{"type":"branch","line":14,"loc":{"start":{"line":14,"column":34},"end":{"line":14,"column":67}},"locations":[{"start":{"line":14,"column":34},"end":{"line":14,"column":67}}]},"300":{"type":"branch","line":14,"loc":{"start":{"line":14,"column":34},"end":{"line":14,"column":67}},"locations":[{"start":{"line":14,"column":34},"end":{"line":14,"column":67}}]},"301":{"type":"branch","line":14,"loc":{"start":{"line":14,"column":34},"end":{"line":14,"column":67}},"locations":[{"start":{"line":14,"column":34},"end":{"line":14,"column":67}}]},"302":{"type":"branch","line":14,"loc":{"start":{"line":14,"column":34},"end":{"line":14,"column":67}},"locations":[{"start":{"line":14,"column":34},"end":{"line":14,"column":67}}]},"303":{"type":"branch","line":14,"loc":{"start":{"line":14,"column":34},"end":{"line":14,"column":67}},"locations":[{"start":{"line":14,"column":34},"end":{"line":14,"column":67}}]},"304":{"type":"branch","line":14,"loc":{"start":{"line":14,"column":34},"end":{"line":14,"column":67}},"locations":[{"start":{"line":14,"column":34},"end":{"line":14,"column":67}}]},"305":{"type":"branch","line":14,"loc":{"start":{"line":14,"column":34},"end":{"line":14,"column":67}},"locations":[{"start":{"line":14,"column":34},"end":{"line":14,"column":67}}]},"306":{"type":"branch","line":14,"loc":{"start":{"line":14,"column":34},"end":{"line":14,"column":67}},"locations":[{"start":{"line":14,"column":34},"end":{"line":14,"column":67}}]},"307":{"type":"branch","line":14,"loc":{"start":{"line":14,"column":34},"end":{"line":14,"column":67}},"locations":[{"start":{"line":14,"column":34},"end":{"line":14,"column":67}}]},"308":{"type":"branch","line":14,"loc":{"start":{"line":14,"column":34},"end":{"line":14,"column":67}},"locations":[{"start":{"line":14,"column":34},"end":{"line":14,"column":67}}]},"309":{"type":"branch","line":14,"loc":{"start":{"line":14,"column":34},"end":{"line":14,"column":67}},"locations":[{"start":{"line":14,"column":34},"end":{"line":14,"column":67}}]},"310":{"type":"branch","line":14,"loc":{"start":{"line":14,"column":34},"end":{"line":14,"column":67}},"locations":[{"start":{"line":14,"column":34},"end":{"line":14,"column":67}}]},"311":{"type":"branch","line":14,"loc":{"start":{"line":14,"column":34},"end":{"line":14,"column":67}},"locations":[{"start":{"line":14,"column":34},"end":{"line":14,"column":67}}]},"312":{"type":"branch","line":14,"loc":{"start":{"line":14,"column":34},"end":{"line":14,"column":67}},"locations":[{"start":{"line":14,"column":34},"end":{"line":14,"column":67}}]},"313":{"type":"branch","line":14,"loc":{"start":{"line":14,"column":34},"end":{"line":14,"column":67}},"locations":[{"start":{"line":14,"column":34},"end":{"line":14,"column":67}}]},"314":{"type":"branch","line":14,"loc":{"start":{"line":14,"column":34},"end":{"line":14,"column":67}},"locations":[{"start":{"line":14,"column":34},"end":{"line":14,"column":67}}]},"315":{"type":"branch","line":14,"loc":{"start":{"line":14,"column":34},"end":{"line":14,"column":67}},"locations":[{"start":{"line":14,"column":34},"end":{"line":14,"column":67}}]},"316":{"type":"branch","line":14,"loc":{"start":{"line":14,"column":34},"end":{"line":14,"column":67}},"locations":[{"start":{"line":14,"column":34},"end":{"line":14,"column":67}}]},"317":{"type":"branch","line":14,"loc":{"start":{"line":14,"column":34},"end":{"line":14,"column":67}},"locations":[{"start":{"line":14,"column":34},"end":{"line":14,"column":67}}]},"318":{"type":"branch","line":14,"loc":{"start":{"line":14,"column":34},"end":{"line":14,"column":67}},"locations":[{"start":{"line":14,"column":34},"end":{"line":14,"column":67}}]},"319":{"type":"branch","line":14,"loc":{"start":{"line":14,"column":34},"end":{"line":14,"column":67}},"locations":[{"start":{"line":14,"column":34},"end":{"line":14,"column":67}}]},"320":{"type":"branch","line":14,"loc":{"start":{"line":14,"column":34},"end":{"line":14,"column":67}},"locations":[{"start":{"line":14,"column":34},"end":{"line":14,"column":67}}]},"321":{"type":"branch","line":14,"loc":{"start":{"line":14,"column":34},"end":{"line":14,"column":67}},"locations":[{"start":{"line":14,"column":34},"end":{"line":14,"column":67}}]},"322":{"type":"branch","line":14,"loc":{"start":{"line":14,"column":34},"end":{"line":14,"column":67}},"locations":[{"start":{"line":14,"column":34},"end":{"line":14,"column":67}}]},"323":{"type":"branch","line":14,"loc":{"start":{"line":14,"column":34},"end":{"line":14,"column":67}},"locations":[{"start":{"line":14,"column":34},"end":{"line":14,"column":67}}]},"324":{"type":"branch","line":14,"loc":{"start":{"line":14,"column":34},"end":{"line":14,"column":67}},"locations":[{"start":{"line":14,"column":34},"end":{"line":14,"column":67}}]},"325":{"type":"branch","line":14,"loc":{"start":{"line":14,"column":34},"end":{"line":14,"column":67}},"locations":[{"start":{"line":14,"column":34},"end":{"line":14,"column":67}}]},"326":{"type":"branch","line":14,"loc":{"start":{"line":14,"column":34},"end":{"line":14,"column":67}},"locations":[{"start":{"line":14,"column":34},"end":{"line":14,"column":67}}]},"327":{"type":"branch","line":14,"loc":{"start":{"line":14,"column":34},"end":{"line":14,"column":67}},"locations":[{"start":{"line":14,"column":34},"end":{"line":14,"column":67}}]},"328":{"type":"branch","line":14,"loc":{"start":{"line":14,"column":34},"end":{"line":14,"column":67}},"locations":[{"start":{"line":14,"column":34},"end":{"line":14,"column":67}}]},"329":{"type":"branch","line":14,"loc":{"start":{"line":14,"column":34},"end":{"line":14,"column":67}},"locations":[{"start":{"line":14,"column":34},"end":{"line":14,"column":67}}]},"330":{"type":"branch","line":14,"loc":{"start":{"line":14,"column":34},"end":{"line":14,"column":67}},"locations":[{"start":{"line":14,"column":34},"end":{"line":14,"column":67}}]},"331":{"type":"branch","line":14,"loc":{"start":{"line":14,"column":34},"end":{"line":14,"column":67}},"locations":[{"start":{"line":14,"column":34},"end":{"line":14,"column":67}}]},"332":{"type":"branch","line":14,"loc":{"start":{"line":14,"column":34},"end":{"line":14,"column":67}},"locations":[{"start":{"line":14,"column":34},"end":{"line":14,"column":67}}]},"333":{"type":"branch","line":14,"loc":{"start":{"line":14,"column":34},"end":{"line":14,"column":67}},"locations":[{"start":{"line":14,"column":34},"end":{"line":14,"column":67}}]},"334":{"type":"branch","line":14,"loc":{"start":{"line":14,"column":34},"end":{"line":14,"column":67}},"locations":[{"start":{"line":14,"column":34},"end":{"line":14,"column":67}}]},"335":{"type":"branch","line":14,"loc":{"start":{"line":14,"column":34},"end":{"line":14,"column":67}},"locations":[{"start":{"line":14,"column":34},"end":{"line":14,"column":67}}]},"336":{"type":"branch","line":14,"loc":{"start":{"line":14,"column":34},"end":{"line":14,"column":67}},"locations":[{"start":{"line":14,"column":34},"end":{"line":14,"column":67}}]},"337":{"type":"branch","line":14,"loc":{"start":{"line":14,"column":34},"end":{"line":14,"column":67}},"locations":[{"start":{"line":14,"column":34},"end":{"line":14,"column":67}}]},"338":{"type":"branch","line":14,"loc":{"start":{"line":14,"column":34},"end":{"line":14,"column":67}},"locations":[{"start":{"line":14,"column":34},"end":{"line":14,"column":67}}]},"339":{"type":"branch","line":14,"loc":{"start":{"line":14,"column":34},"end":{"line":14,"column":67}},"locations":[{"start":{"line":14,"column":34},"end":{"line":14,"column":67}}]},"340":{"type":"branch","line":14,"loc":{"start":{"line":14,"column":34},"
[...]
,"/Users/frank/Developer/franksmovielog.com-astro/src/components/Layout/SiteSearchForm.tsx": {"path":"/Users/frank/Developer/franksmovielog.com-astro/src/components/Layout/SiteSearchForm.tsx","all":false,"statementMap":{"0":{"start":{"line":1,"column":0},"end":{"line":1,"column":34}},"1":{"start":{"line":2,"column":0},"end":{"line":2,"column":10}},"2":{"start":{"line":3,"column":0},"end":{"line":3,"column":9}},"3":{"start":{"line":4,"column":0},"end":{"line":4,"column":44}},"4":{"start":{"line":5,"column":0},"end":{"line":5,"column":27}},"5":{"start":{"line":6,"column":0},"end":{"line":6,"column":18}},"6":{"start":{"line":7,"column":0},"end":{"line":7,"column":19}},"7":{"start":{"line":8,"column":0},"end":{"line":8,"column":71}},"9":{"start":{"line":10,"column":0},"end":{"line":10,"column":63}},"10":{"start":{"line":11,"column":0},"end":{"line":11,"column":47}},"11":{"start":{"line":12,"column":0},"end":{"line":12,"column":14}},"12":{"start":{"line":13,"column":0},"end":{"line":13,"column":21}},"13":{"start":{"line":14,"column":0},"end":{"line":14,"column":18}},"14":{"start":{"line":15,"column":0},"end":{"line":15,"column":21}},"15":{"start":{"line":16,"column":0},"end":{"line":16,"column":33}},"16":{"start":{"line":17,"column":0},"end":{"line":17,"column":107}},"17":{"start":{"line":18,"column":0},"end":{"line":18,"column":10}},"18":{"start":{"line":19,"column":0},"end":{"line":19,"column":76}},"19":{"start":{"line":20,"column":0},"end":{"line":20,"column":15}},"20":{"start":{"line":21,"column":0},"end":{"line":21,"column":23}},"21":{"start":{"line":22,"column":0},"end":{"line":22,"column":24}},"22":{"start":{"line":23,"column":0},"end":{"line":23,"column":29}},"23":{"start":{"line":24,"column":0},"end":{"line":24,"column":74}},"25":{"start":{"line":26,"column":0},"end":{"line":26,"column":66}},"26":{"start":{"line":27,"column":0},"end":{"line":27,"column":17}},"27":{"start":{"line":28,"column":0},"end":{"line":28,"column":32}},"28":{"start":{"line":29,"column":0},"end":{"line":29,"column":107}},"29":{"start":{"line":30,"column":0},"end":{"line":30,"column":14}},"30":{"start":{"line":31,"column":0},"end":{"line":31,"column":17}},"31":{"start":{"line":32,"column":0},"end":{"line":32,"column":32}},"32":{"start":{"line":33,"column":0},"end":{"line":33,"column":103}},"33":{"start":{"line":34,"column":0},"end":{"line":34,"column":14}},"34":{"start":{"line":35,"column":0},"end":{"line":35,"column":16}},"35":{"start":{"line":36,"column":0},"end":{"line":36,"column":17}},"36":{"start":{"line":37,"column":0},"end":{"line":37,"column":14}},"37":{"start":{"line":38,"column":0},"end":{"line":38,"column":11}},"39":{"start":{"line":40,"column":0},"end":{"line":40,"column":1}}},"s":{"0":1,"1":1,"2":1,"3":1,"4":1,"5":1,"6":1,"7":1,"9":1,"10":1,"11":1,"12":1,"13":1,"14":1,"15":1,"16":1,"17":1,"18":1,"19":1,"20":1,"21":1,"22":1,"23":1,"25":1,"26":1,"27":1,"28":1,"29":1,"30":1,"31":1,"32":1,"33":1,"34":1,"35":1,"36":1,"37":1,"39":1},"branchMap":{"0":{"type":"branch","line":1,"loc":{"start":{"line":1,"column":7},"end":{"line":40,"column":1}},"locations":[{"start":{"line":1,"column":7},"end":{"line":40,"column":1}}]}},"b":{"0":[1]},"fnMap":{"0":{"name":"SiteSearchForm","decl":{"start":{"line":1,"column":7},"end":{"line":40,"column":1}},"loc":{"start":{"line":1,"column":7},"end":{"line":40,"column":1}},"line":1}},"f":{"0":1}}
,"/Users/frank/Developer/franksmovielog.com-astro/src/components/Layout/index.ts": {"path":"/Users/frank/Developer/franksmovielog.com-astro/src/components/Layout/index.ts","all":false,"statementMap":{"0":{"start":{"line":1,"column":0},"end":{"line":1,"column":34}}},"s":{"0":1},"branchMap":{},"b":{},"fnMap":{},"f":{}}
,"/Users/frank/Developer/franksmovielog.com-astro/src/utils/buildGroupItems.ts": {"path":"/Users/frank/Developer/franksmovielog.com-astro/src/utils/buildGroupItems.ts","all":false,"statementMap":{"0":{"start":{"line":1,"column":0},"end":{"line":1,"column":38}},"1":{"start":{"line":2,"column":0},"end":{"line":2,"column":49}},"2":{"start":{"line":3,"column":0},"end":{"line":3,"column":3}},"3":{"start":{"line":4,"column":0},"end":{"line":4,"column":74}},"4":{"start":{"line":5,"column":0},"end":{"line":5,"column":48}},"6":{"start":{"line":7,"column":0},"end":{"line":7,"column":25}},"7":{"start":{"line":8,"column":0},"end":{"line":8,"column":49}},"8":{"start":{"line":9,"column":0},"end":{"line":9,"column":47}},"10":{"start":{"line":11,"column":0},"end":{"line":11,"column":24}},"11":{"start":{"line":12,"column":0},"end":{"line":12,"column":24}},"12":{"start":{"line":13,"column":0},"end":{"line":13,"column":44}},"13":{"start":{"line":14,"column":0},"end":{"line":14,"column":7}},"14":{"start":{"line":15,"column":0},"end":{"line":15,"column":28}},"15":{"start":{"line":16,"column":0},"end":{"line":16,"column":7}},"17":{"start":{"line":18,"column":0},"end":{"line":18,"column":24}},"18":{"start":{"line":19,"column":0},"end":{"line":19,"column":4}},"19":{"start":{"line":20,"column":0},"end":{"line":20,"column":1}}},"s":{"0":1,"1":0,"2":0,"3":0,"4":0,"6":0,"7":0,"8":0,"10":0,"11":0,"12":0,"13":0,"14":0,"15":0,"17":0,"18":0,"19":0},"branchMap":{},"b":{},"fnMap":{"0":{"name":"buildGroupItems","decl":{"start":{"line":1,"column":7},"end":{"line":20,"column":1}},"loc":{"start":{"line":1,"column":7},"end":{"line":20,"column":1}},"line":1}},"f":{"0":0}}
,"/Users/frank/Developer/franksmovielog.com-astro/src/utils/buildGroupValues.ts": {"path":"/Users/frank/Developer/franksmovielog.com-astro/src/utils/buildGroupValues.ts","all":false,"statementMap":{"0":{"start":{"line":1,"column":0},"end":{"line":1,"column":39}},"1":{"start":{"line":2,"column":0},"end":{"line":2,"column":50}},"2":{"start":{"line":3,"column":0},"end":{"line":3,"column":3}},"3":{"start":{"line":4,"column":0},"end":{"line":4,"column":75}},"4":{"start":{"line":5,"column":0},"end":{"line":5,"column":49}},"6":{"start":{"line":7,"column":0},"end":{"line":7,"column":25}},"7":{"start":{"line":8,"column":0},"end":{"line":8,"column":50}},"8":{"start":{"line":9,"column":0},"end":{"line":9,"column":48}},"10":{"start":{"line":11,"column":0},"end":{"line":11,"column":24}},"11":{"start":{"line":12,"column":0},"end":{"line":12,"column":24}},"12":{"start":{"line":13,"column":0},"end":{"line":13,"column":45}},"13":{"start":{"line":14,"column":0},"end":{"line":14,"column":7}},"14":{"start":{"line":15,"column":0},"end":{"line":15,"column":28}},"15":{"start":{"line":16,"column":0},"end":{"line":16,"column":7}},"17":{"start":{"line":18,"column":0},"end":{"line":18,"column":25}},"18":{"start":{"line":19,"column":0},"end":{"line":19,"column":4}},"19":{"start":{"line":20,"column":0},"end":{"line":20,"column":1}}},"s":{"0":1,"1":0,"2":0,"3":0,"4":0,"6":0,"7":0,"8":0,"10":0,"11":0,"12":0,"13":0,"14":0,"15":0,"17":0,"18":0,"19":0},"branchMap":{},"b":{},"fnMap":{"0":{"name":"buildGroupValues","decl":{"start":{"line":1,"column":7},"end":{"line":20,"column":1}},"loc":{"start":{"line":1,"column":7},"end":{"line":20,"column":1}},"line":1}},"f":{"0":0}}
,"/Users/frank/Developer/franksmovielog.com-astro/src/utils/capitalize.ts": {"path":"/Users/frank/Developer/franksmovielog.com-astro/src/utils/capitalize.ts","all":false,"statementMap":{"0":{"start":{"line":1,"column":0},"end":{"line":1,"column":52}},"1":{"start":{"line":2,"column":0},"end":{"line":2,"column":58}},"2":{"start":{"line":3,"column":0},"end":{"line":3,"column":1}}},"s":{"0":1,"1":0,"2":0},"branchMap":{},"b":{},"fnMap":{"0":{"name":"capitalize","decl":{"start":{"line":1,"column":7},"end":{"line":3,"column":1}},"loc":{"start":{"line":1,"column":7},"end":{"line":3,"column":1}},"line":1}},"f":{"0":0}}
,"/Users/frank/Developer/franksmovielog.com-astro/src/utils/filterTools.ts": {"path":"/Users/frank/Developer/franksmovielog.com-astro/src/utils/filterTools.ts","all":false,"statementMap":{"9":{"start":{"line":10,"column":0},"end":{"line":10,"column":37}},"10":{"start":{"line":11,"column":0},"end":{"line":11,"column":44}},"11":{"start":{"line":12,"column":0},"end":{"line":12,"column":43}},"12":{"start":{"line":13,"column":0},"end":{"line":13,"column":3}},"13":{"start":{"line":14,"column":0},"end":{"line":14,"column":58}},"15":{"start":{"line":16,"column":0},"end":{"line":16,"column":10}},"16":{"start":{"line":17,"column":0},"end":{"line":17,"column":59}},"17":{"start":{"line":18,"column":0},"end":{"line":18,"column":26}},"18":{"start":{"line":19,"column":0},"end":{"line":19,"column":18}},"19":{"start":{"line":20,"column":0},"end":{"line":20,"column":36}},"20":{"start":{"line":21,"column":0},"end":{"line":21,"column":17}},"21":{"start":{"line":22,"column":0},"end":{"line":22,"column":23}},"22":{"start":{"line":23,"column":0},"end":{"line":23,"column":32}},"23":{"start":{"line":24,"column":0},"end":{"line":24,"column":23}},"24":{"start":{"line":25,"column":0},"end":{"line":25,"column":8}},"26":{"start":{"line":27,"column":0},"end":{"line":27,"column":49}},"27":{"start":{"line":28,"column":0},"end":{"line":28,"column":6}},"28":{"start":{"line":29,"column":0},"end":{"line":29,"column":58}},"29":{"start":{"line":30,"column":0},"end":{"line":30,"column":20}},"30":{"start":{"line":31,"column":0},"end":{"line":31,"column":26}},"31":{"start":{"line":32,"column":0},"end":{"line":32,"column":18}},"32":{"start":{"line":33,"column":0},"end":{"line":33,"column":24}},"33":{"start":{"line":34,"column":0},"end":{"line":34,"column":27}},"34":{"start":{"line":35,"column":0},"end":{"line":35,"column":20}},"35":{"start":{"line":36,"column":0},"end":{"line":36,"column":7}},"37":{"start":{"line":38,"column":0},"end":{"line":38,"column":23}},"38":{"start":{"line":39,"column":0},"end":{"line":39,"column":32}},"39":{"start":{"line":40,"column":0},"end":{"line":40,"column":8}},"41":{"start":{"line":42,"column":0},"end":{"line":42,"column":26}},"43":{"start":{"line":44,"column":0},"end":{"line":44,"column":49}},"44":{"start":{"line":45,"column":0},"end":{"line":45,"column":6}},"45":{"start":{"line":46,"column":0},"end":{"line":46,"column":17}},"46":{"start":{"line":47,"column":0},"end":{"line":47,"column":4}},"47":{"start":{"line":48,"column":0},"end":{"line":48,"column":1}},"49":{"start":{"line":50,"column":0},"end":{"line":50,"column":36}},"50":{"start":{"line":51,"column":0},"end":{"line":51,"column":45}},"51":{"start":{"line":52,"column":0},"end":{"line":52,"column":44}},"52":{"start":{"line":53,"column":0},"end":{"line":53,"column":3}},"53":{"start":{"line":54,"column":0},"end":{"line":54,"column":71}},"54":{"start":{"line":55,"column":0},"end":{"line":55,"column":54}},"55":{"start":{"line":56,"column":0},"end":{"line":56,"column":24}},"56":{"start":{"line":57,"column":0},"end":{"line":57,"column":12}},"57":{"start":{"line":58,"column":0},"end":{"line":58,"column":34}},"58":{"start":{"line":59,"column":0},"end":{"line":59,"column":20}},"59":{"start":{"line":60,"column":0},"end":{"line":60,"column":39}},"60":{"start":{"line":61,"column":0},"end":{"line":61,"column":28}},"61":{"start":{"line":62,"column":0},"end":{"line":62,"column":9}},"62":{"start":{"line":63,"column":0},"end":{"line":63,"column":29}},"63":{"start":{"line":64,"column":0},"end":{"line":64,"column":6}},"65":{"start":{"line":66,"column":0},"end":{"line":66,"column":34}},"66":{"start":{"line":67,"column":0},"end":{"line":67,"column":54}},"67":{"start":{"line":68,"column":0},"end":{"line":68,"column":29}},"68":{"start":{"line":69,"column":0},"end":{"line":69,"column":6}},"70":{"start":{"line":71,"column":0},"end":{"line":71,"column":12}},"71":{"start":{"line":72,"column":0},"end":{"line":72,"column":22}},"72":{"start":{"line":73,"column":0},"end":{"line":73,"column":26}},"73":{"start":{"line":74,"column":0},"end":{"line":74,"column":21}},"74":{"start":{"line":75,"column":0},"end":{"line":75,"column":20}},"75":{"start":{"line":76,"column":0},"end":{"line":76,"column":6}},"76":{"start":{"line":77,"column":0},"end":{"line":77,"column":4}},"77":{"start":{"line":78,"column":0},"end":{"line":78,"column":1}},"79":{"start":{"line":80,"column":0},"end":{"line":80,"column":37}},"80":{"start":{"line":81,"column":0},"end":{"line":81,"column":13}},"81":{"start":{"line":82,"column":0},"end":{"line":82,"column":10}},"82":{"start":{"line":83,"column":0},"end":{"line":83,"column":4}},"85":{"start":{"line":86,"column":0},"end":{"line":86,"column":9}},"86":{"start":{"line":87,"column":0},"end":{"line":87,"column":38}},"87":{"start":{"line":88,"column":0},"end":{"line":88,"column":53}},"88":{"start":{"line":89,"column":0},"end":{"line":89,"column":26}},"89":{"start":{"line":90,"column":0},"end":{"line":90,"column":7}},"90":{"start":{"line":91,"column":0},"end":{"line":91,"column":5}},"91":{"start":{"line":92,"column":0},"end":{"line":92,"column":1}},"93":{"start":{"line":94,"column":0},"end":{"line":94,"column":33}},"94":{"start":{"line":95,"column":0},"end":{"line":95,"column":9}},"95":{"start":{"line":96,"column":0},"end":{"line":96,"column":10}},"96":{"start":{"line":97,"column":0},"end":{"line":97,"column":4}},"99":{"start":{"line":100,"column":0},"end":{"line":100,"column":9}},"100":{"start":{"line":101,"column":0},"end":{"line":101,"column":34}},"101":{"start":{"line":102,"column":0},"end":{"line":102,"column":53}},"102":{"start":{"line":103,"column":0},"end":{"line":103,"column":26}},"103":{"start":{"line":104,"column":0},"end":{"line":104,"column":7}},"104":{"start":{"line":105,"column":0},"end":{"line":105,"column":5}},"105":{"start":{"line":106,"column":0},"end":{"line":106,"column":1}}},"s":{"9":1,"10":0,"11":0,"12":0,"13":0,"15":0,"16":0,"17":0,"18":0,"19":0,"20":0,"21":0,"22":0,"23":0,"24":0,"26":0,"27":0,"28":0,"29":0,"30":0,"31":0,"32":0,"33":0,"34":0,"35":0,"37":0,"38":0,"39":0,"41":0,"43":0,"44":0,"45":0,"46":0,"47":0,"49":0,"50":0,"51":0,"52":0,"53":0,"54":0,"55":0,"56":0,"57":0,"58":0,"59":0,"60":0,"61":0,"62":0,"63":0,"65":0,"66":0,"67":0,"68":0,"70":0,"71":0,"72":0,"73":0,"74":0,"75":0,"76":0,"77":0,"79":1,"80":0,"81":0,"82":0,"85":0,"86":0,"87":0,"88":0,"89":0,"90":0,"91":0,"93":1,"94":0,"95":0,"96":0,"99":0,"100":0,"101":0,"102":0,"103":0,"104":0,"105":0},"branchMap":{},"b":{},"fnMap":{"0":{"name":"filterTools","decl":{"start":{"line":10,"column":7},"end":{"line":48,"column":1}},"loc":{"start":{"line":10,"column":7},"end":{"line":48,"column":1}},"line":10},"1":{"name":"buildApplyFilters","decl":{"start":{"line":50,"column":0},"end":{"line":78,"column":1}},"loc":{"start":{"line":50,"column":0},"end":{"line":78,"column":1}},"line":50},"2":{"name":"filterCollection","decl":{"start":{"line":80,"column":7},"end":{"line":92,"column":1}},"loc":{"start":{"line":80,"column":7},"end":{"line":92,"column":1}},"line":80},"3":{"name":"filterValues","decl":{"start":{"line":94,"column":7},"end":{"line":106,"column":1}},"loc":{"start":{"line":94,"column":7},"end":{"line":106,"column":1}},"line":94}},"f":{"0":0,"1":0,"2":0,"3":0}}
,"/Users/frank/Developer/franksmovielog.com-astro/src/utils/index.ts": {"path":"/Users/frank/Developer/franksmovielog.com-astro/src/utils/index.ts","all":false,"statementMap":{"0":{"start":{"line":1,"column":0},"end":{"line":1,"column":34}},"1":{"start":{"line":2,"column":0},"end":{"line":2,"column":35}},"2":{"start":{"line":3,"column":0},"end":{"line":3,"column":29}},"3":{"start":{"line":4,"column":0},"end":{"line":4,"column":30}},"4":{"start":{"line":5,"column":0},"end":{"line":5,"column":28}},"5":{"start":{"line":6,"column":0},"end":{"line":6,"column":29}}},"s":{"0":1,"1":1,"2":1,"3":1,"4":1,"5":1},"branchMap":{},"b":{},"fnMap":{},"f":{}}
,"/Users/frank/Developer/franksmovielog.com-astro/src/utils/sortTools.ts": {"path":"/Users/frank/Developer/franksmovielog.com-astro/src/utils/sortTools.ts","all":false,"statementMap":{"0":{"start":{"line":1,"column":0},"end":{"line":1,"column":49}},"1":{"start":{"line":2,"column":0},"end":{"line":2,"column":22}},"2":{"start":{"line":3,"column":0},"end":{"line":3,"column":26}},"3":{"start":{"line":4,"column":0},"end":{"line":4,"column":16}},"4":{"start":{"line":5,"column":0},"end":{"line":5,"column":3}},"6":{"start":{"line":7,"column":0},"end":{"line":7,"column":58}},"7":{"start":{"line":8,"column":0},"end":{"line":8,"column":15}},"8":{"start":{"line":9,"column":0},"end":{"line":9,"column":1}},"10":{"start":{"line":11,"column":0},"end":{"line":11,"column":58}},"11":{"start":{"line":12,"column":0},"end":{"line":12,"column":14}},"12":{"start":{"line":13,"column":0},"end":{"line":13,"column":13}},"13":{"start":{"line":14,"column":0},"end":{"line":14,"column":3}},"15":{"start":{"line":16,"column":0},"end":{"line":16,"column":14}},"16":{"start":{"line":17,"column":0},"end":{"line":17,"column":14}},"17":{"start":{"line":18,"column":0},"end":{"line":18,"column":3}},"19":{"start":{"line":20,"column":0},"end":{"line":20,"column":11}},"20":{"start":{"line":21,"column":0},"end":{"line":21,"column":1}}},"s":{"0":1,"1":1,"2":1,"3":1,"4":1,"6":1,"7":0,"8":0,"10":1,"11":0,"12":0,"13":0,"15":0,"16":0,"17":0,"19":0,"20":0},"branchMap":{},"b":{},"fnMap":{"0":{"name":"sortNumber","decl":{"start":{"line":7,"column":7},"end":{"line":9,"column":1}},"loc":{"start":{"line":7,"column":7},"end":{"line":9,"column":1}},"line":7},"1":{"name":"sortString","decl":{"start":{"line":11,"column":7},"end":{"line":21,"column":1}},"loc":{"start":{"line":11,"column":7},"end":{"line":21,"column":1}},"line":11}},"f":{"0":0,"1":0}}
,"/Users/frank/Developer/franksmovielog.com-astro/src/utils/toSentence.ts": {"path":"/Users/frank/Developer/franksmovielog.com-astro/src/utils/toSentence.ts","all":false,"statementMap":{"0":{"start":{"line":1,"column":0},"end":{"line":1,"column":62}},"1":{"start":{"line":2,"column":0},"end":{"line":2,"column":45}},"2":{"start":{"line":3,"column":0},"end":{"line":3,"column":1}}},"s":{"0":1,"1":20,"2":20},"branchMap":{"0":{"type":"branch","line":1,"loc":{"start":{"line":1,"column":7},"end":{"line":3,"column":1}},"locations":[{"start":{"line":1,"column":7},"end":{"line":3,"column":1}}]}},"b":{"0":[20]},"fnMap":{"0":{"name":"toSentence","decl":{"start":{"line":1,"column":7},"end":{"line":3,"column":1}},"loc":{"start":{"line":1,"column":7},"end":{"line":3,"column":1}},"line":1}},"f":{"0":20}}
}
